ARM GAS  C:\Users\jaude\AppData\Local\Temp\ccjajBtu.s 			page 1


   1              		.cpu cortex-m7
   2              		.eabi_attribute 28, 1
   3              		.eabi_attribute 20, 1
   4              		.eabi_attribute 21, 1
   5              		.eabi_attribute 23, 3
   6              		.eabi_attribute 24, 1
   7              		.eabi_attribute 25, 1
   8              		.eabi_attribute 26, 1
   9              		.eabi_attribute 30, 2
  10              		.eabi_attribute 34, 1
  11              		.eabi_attribute 18, 4
  12              		.file	"oscillator.cpp"
  13              		.text
  14              	.Ltext0:
  15              		.cfi_sections	.debug_frame
  16              		.section	.text._ZN7daisysp10OscillatorD2Ev,"axG",%progbits,_ZN7daisysp10OscillatorD5Ev,comdat
  17              		.align	1
  18              		.p2align 2,,3
  19              		.weak	_ZN7daisysp10OscillatorD2Ev
  20              		.arch armv7e-m
  21              		.syntax unified
  22              		.thumb
  23              		.thumb_func
  24              		.fpu fpv5-d16
  26              	_ZN7daisysp10OscillatorD2Ev:
  27              	.LVL0:
  28              	.LFB2825:
  29              		.file 1 "../../../DaisySP/Source/Synthesis/oscillator.h"
   1:../../../DaisySP/Source/Synthesis/oscillator.h **** /*
   2:../../../DaisySP/Source/Synthesis/oscillator.h **** Copyright (c) 2020 Electrosmith, Corp
   3:../../../DaisySP/Source/Synthesis/oscillator.h **** 
   4:../../../DaisySP/Source/Synthesis/oscillator.h **** Use of this source code is governed by an MIT-style
   5:../../../DaisySP/Source/Synthesis/oscillator.h **** license that can be found in the LICENSE file or at
   6:../../../DaisySP/Source/Synthesis/oscillator.h **** https://opensource.org/licenses/MIT.
   7:../../../DaisySP/Source/Synthesis/oscillator.h **** */
   8:../../../DaisySP/Source/Synthesis/oscillator.h **** 
   9:../../../DaisySP/Source/Synthesis/oscillator.h **** #pragma once
  10:../../../DaisySP/Source/Synthesis/oscillator.h **** #ifndef DSY_OSCILLATOR_H
  11:../../../DaisySP/Source/Synthesis/oscillator.h **** #define DSY_OSCILLATOR_H
  12:../../../DaisySP/Source/Synthesis/oscillator.h **** #include <stdint.h>
  13:../../../DaisySP/Source/Synthesis/oscillator.h **** #include "Utility/dsp.h"
  14:../../../DaisySP/Source/Synthesis/oscillator.h **** #ifdef __cplusplus
  15:../../../DaisySP/Source/Synthesis/oscillator.h **** 
  16:../../../DaisySP/Source/Synthesis/oscillator.h **** namespace daisysp
  17:../../../DaisySP/Source/Synthesis/oscillator.h **** {
  18:../../../DaisySP/Source/Synthesis/oscillator.h **** /** Synthesis of several waveforms, including polyBLEP bandlimited waveforms.
  19:../../../DaisySP/Source/Synthesis/oscillator.h **** */
  20:../../../DaisySP/Source/Synthesis/oscillator.h **** class Oscillator
  21:../../../DaisySP/Source/Synthesis/oscillator.h **** {
  22:../../../DaisySP/Source/Synthesis/oscillator.h ****   public:
  23:../../../DaisySP/Source/Synthesis/oscillator.h ****     Oscillator() {}
  24:../../../DaisySP/Source/Synthesis/oscillator.h ****     ~Oscillator() {}
  30              		.loc 1 24 5 view -0
  31              		.cfi_startproc
  32              		@ args = 0, pretend = 0, frame = 0
  33              		@ frame_needed = 0, uses_anonymous_args = 0
  34              		@ link register save eliminated.
ARM GAS  C:\Users\jaude\AppData\Local\Temp\ccjajBtu.s 			page 2


  35              		.loc 1 24 20 is_stmt 0 view .LVU1
  36 0000 7047     		bx	lr
  37              		.cfi_endproc
  38              	.LFE2825:
  40              		.weak	_ZN7daisysp10OscillatorD1Ev
  41              		.thumb_set _ZN7daisysp10OscillatorD1Ev,_ZN7daisysp10OscillatorD2Ev
  42 0002 00BF     		.section	.text._ZN5daisy9DaisySeedD2Ev,"axG",%progbits,_ZN5daisy9DaisySeedD5Ev,comdat
  43              		.align	1
  44              		.p2align 2,,3
  45              		.weak	_ZN5daisy9DaisySeedD2Ev
  46              		.syntax unified
  47              		.thumb
  48              		.thumb_func
  49              		.fpu fpv5-d16
  51              	_ZN5daisy9DaisySeedD2Ev:
  52              	.LVL1:
  53              	.LFB4676:
  54              		.file 2 "../../../libDaisy/src/daisy_seed.h"
   1:../../../libDaisy/src/daisy_seed.h **** #pragma once
   2:../../../libDaisy/src/daisy_seed.h **** #ifndef DSY_SEED_H
   3:../../../libDaisy/src/daisy_seed.h **** #define DSY_SEED_H
   4:../../../libDaisy/src/daisy_seed.h **** 
   5:../../../libDaisy/src/daisy_seed.h **** #include "daisy.h"
   6:../../../libDaisy/src/daisy_seed.h **** 
   7:../../../libDaisy/src/daisy_seed.h **** //Uncomment this out if you're still using the rev2 hardware
   8:../../../libDaisy/src/daisy_seed.h **** //#define SEED_REV2
   9:../../../libDaisy/src/daisy_seed.h **** 
  10:../../../libDaisy/src/daisy_seed.h **** namespace daisy
  11:../../../libDaisy/src/daisy_seed.h **** {
  12:../../../libDaisy/src/daisy_seed.h **** /**
  13:../../../libDaisy/src/daisy_seed.h ****    @brief This is the higher-level interface for the Daisy board. \n 
  14:../../../libDaisy/src/daisy_seed.h ****     All basic peripheral configuration/initialization is setup here. \n
  15:../../../libDaisy/src/daisy_seed.h **** 
  16:../../../libDaisy/src/daisy_seed.h ****    @ingroup boards
  17:../../../libDaisy/src/daisy_seed.h **** */
  18:../../../libDaisy/src/daisy_seed.h **** class DaisySeed
  19:../../../libDaisy/src/daisy_seed.h **** {
  20:../../../libDaisy/src/daisy_seed.h ****   public:
  21:../../../libDaisy/src/daisy_seed.h ****     DaisySeed() {}
  22:../../../libDaisy/src/daisy_seed.h ****     ~DaisySeed() {}
  55              		.loc 2 22 5 is_stmt 1 view -0
  56              		.cfi_startproc
  57              		@ args = 0, pretend = 0, frame = 0
  58              		@ frame_needed = 0, uses_anonymous_args = 0
  59              		@ link register save eliminated.
  60              	.LBB81:
  61              	.LBI81:
  62              		.file 3 "../../../libDaisy/src/sys/system.h"
   1:../../../libDaisy/src/sys/system.h **** #ifndef DSY_SYSTEM_H
   2:../../../libDaisy/src/sys/system.h **** #define DSY_SYSTEM_H
   3:../../../libDaisy/src/sys/system.h **** 
   4:../../../libDaisy/src/sys/system.h **** #ifndef UNIT_TEST // for unit tests, a dummy implementation is provided below
   5:../../../libDaisy/src/sys/system.h **** 
   6:../../../libDaisy/src/sys/system.h **** #include <cstdint>
   7:../../../libDaisy/src/sys/system.h **** #include "per/tim.h"
   8:../../../libDaisy/src/sys/system.h **** 
   9:../../../libDaisy/src/sys/system.h **** namespace daisy
ARM GAS  C:\Users\jaude\AppData\Local\Temp\ccjajBtu.s 			page 3


  10:../../../libDaisy/src/sys/system.h **** {
  11:../../../libDaisy/src/sys/system.h **** /** A handle for interacting with the Core System.
  12:../../../libDaisy/src/sys/system.h ****  ** This includes the Clock tree, MPU, global DMA initialization,
  13:../../../libDaisy/src/sys/system.h ****  ** cache handling, and any other necessary global initiailzation
  14:../../../libDaisy/src/sys/system.h ****  **
  15:../../../libDaisy/src/sys/system.h ****  ** @author shensley
  16:../../../libDaisy/src/sys/system.h ****  ** @ingroup system
  17:../../../libDaisy/src/sys/system.h ****  */
  18:../../../libDaisy/src/sys/system.h **** class System
  19:../../../libDaisy/src/sys/system.h **** {
  20:../../../libDaisy/src/sys/system.h ****   public:
  21:../../../libDaisy/src/sys/system.h ****     /** Contains settings for initializing the System */
  22:../../../libDaisy/src/sys/system.h ****     struct Config
  23:../../../libDaisy/src/sys/system.h ****     {
  24:../../../libDaisy/src/sys/system.h ****         /** Specifies the system clock frequency that feeds APB/AHB clocks, etc. */
  25:../../../libDaisy/src/sys/system.h ****         enum class SysClkFreq
  26:../../../libDaisy/src/sys/system.h ****         {
  27:../../../libDaisy/src/sys/system.h ****             FREQ_400MHZ,
  28:../../../libDaisy/src/sys/system.h ****             FREQ_480MHZ,
  29:../../../libDaisy/src/sys/system.h ****         };
  30:../../../libDaisy/src/sys/system.h **** 
  31:../../../libDaisy/src/sys/system.h ****         /** Method to call on the struct to set to defaults
  32:../../../libDaisy/src/sys/system.h ****          ** CPU Freq set to 400MHz
  33:../../../libDaisy/src/sys/system.h ****          ** Cache Enabled
  34:../../../libDaisy/src/sys/system.h ****          ** */
  35:../../../libDaisy/src/sys/system.h ****         void Defaults()
  36:../../../libDaisy/src/sys/system.h ****         {
  37:../../../libDaisy/src/sys/system.h ****             cpu_freq    = SysClkFreq::FREQ_400MHZ;
  38:../../../libDaisy/src/sys/system.h ****             use_dcache  = true;
  39:../../../libDaisy/src/sys/system.h ****             use_icache  = true;
  40:../../../libDaisy/src/sys/system.h ****             skip_clocks = false;
  41:../../../libDaisy/src/sys/system.h ****         }
  42:../../../libDaisy/src/sys/system.h **** 
  43:../../../libDaisy/src/sys/system.h ****         /** Method to call on the struct to set to boost mode:
  44:../../../libDaisy/src/sys/system.h ****          ** CPU Freq set to 480MHz
  45:../../../libDaisy/src/sys/system.h ****          ** Cache Enabled
  46:../../../libDaisy/src/sys/system.h ****          ** */
  47:../../../libDaisy/src/sys/system.h ****         void Boost()
  48:../../../libDaisy/src/sys/system.h ****         {
  49:../../../libDaisy/src/sys/system.h ****             cpu_freq    = SysClkFreq::FREQ_480MHZ;
  50:../../../libDaisy/src/sys/system.h ****             use_dcache  = true;
  51:../../../libDaisy/src/sys/system.h ****             use_icache  = true;
  52:../../../libDaisy/src/sys/system.h ****             skip_clocks = false;
  53:../../../libDaisy/src/sys/system.h ****         }
  54:../../../libDaisy/src/sys/system.h **** 
  55:../../../libDaisy/src/sys/system.h ****         SysClkFreq cpu_freq;
  56:../../../libDaisy/src/sys/system.h ****         bool       use_dcache;
  57:../../../libDaisy/src/sys/system.h ****         bool       use_icache;
  58:../../../libDaisy/src/sys/system.h ****         bool       skip_clocks;
  59:../../../libDaisy/src/sys/system.h ****     };
  60:../../../libDaisy/src/sys/system.h **** 
  61:../../../libDaisy/src/sys/system.h ****     /** Describes the different regions of memory available to the Daisy */
  62:../../../libDaisy/src/sys/system.h ****     enum MemoryRegion
  63:../../../libDaisy/src/sys/system.h ****     {
  64:../../../libDaisy/src/sys/system.h ****         INTERNAL_FLASH = 0,
  65:../../../libDaisy/src/sys/system.h ****         ITCMRAM,
  66:../../../libDaisy/src/sys/system.h ****         DTCMRAM,
ARM GAS  C:\Users\jaude\AppData\Local\Temp\ccjajBtu.s 			page 4


  67:../../../libDaisy/src/sys/system.h ****         SRAM_D1,
  68:../../../libDaisy/src/sys/system.h ****         SRAM_D2,
  69:../../../libDaisy/src/sys/system.h ****         SRAM_D3,
  70:../../../libDaisy/src/sys/system.h ****         SDRAM,
  71:../../../libDaisy/src/sys/system.h ****         QSPI,
  72:../../../libDaisy/src/sys/system.h ****         INVALID_ADDRESS,
  73:../../../libDaisy/src/sys/system.h ****     };
  74:../../../libDaisy/src/sys/system.h **** 
  75:../../../libDaisy/src/sys/system.h ****     /** Bootloader struct for controlling bootloading parameters */
  76:../../../libDaisy/src/sys/system.h ****     struct BootInfo
  77:../../../libDaisy/src/sys/system.h ****     {
  78:../../../libDaisy/src/sys/system.h ****         enum class Type : uint32_t
  79:../../../libDaisy/src/sys/system.h ****         {
  80:../../../libDaisy/src/sys/system.h ****             INVALID      = 0x00000000,
  81:../../../libDaisy/src/sys/system.h ****             JUMP         = 0xDEADBEEF,
  82:../../../libDaisy/src/sys/system.h ****             SKIP_TIMEOUT = 0x5AFEB007,
  83:../../../libDaisy/src/sys/system.h ****             INF_TIMEOUT  = 0xB0074EFA,
  84:../../../libDaisy/src/sys/system.h ****         } status;
  85:../../../libDaisy/src/sys/system.h ****         uint32_t data;
  86:../../../libDaisy/src/sys/system.h ****         enum class Version : uint32_t
  87:../../../libDaisy/src/sys/system.h ****         {
  88:../../../libDaisy/src/sys/system.h ****             LT_v6_0 = 0, // Less than v6.0
  89:../../../libDaisy/src/sys/system.h ****             NONE,        // No bootloader present
  90:../../../libDaisy/src/sys/system.h ****             v6_0,        // v6.0
  91:../../../libDaisy/src/sys/system.h ****             v6_1,        // v6.1 or greater
  92:../../../libDaisy/src/sys/system.h ****             LAST
  93:../../../libDaisy/src/sys/system.h ****         } version;
  94:../../../libDaisy/src/sys/system.h ****     };
  95:../../../libDaisy/src/sys/system.h **** 
  96:../../../libDaisy/src/sys/system.h ****     System() {}
  97:../../../libDaisy/src/sys/system.h ****     ~System() {}
  63              		.loc 3 97 5 view .LVU3
  64              		.loc 3 97 5 is_stmt 0 view .LVU4
  65              	.LBE81:
  66              	.LBB82:
  67              	.LBI82:
  68              		.file 4 "../../../libDaisy/src/hid/usb.h"
   1:../../../libDaisy/src/hid/usb.h **** #pragma once
   2:../../../libDaisy/src/hid/usb.h **** #ifndef DSY_HID_USB_H
   3:../../../libDaisy/src/hid/usb.h **** #define DSY_HID_USB_H
   4:../../../libDaisy/src/hid/usb.h **** #include <stdint.h>
   5:../../../libDaisy/src/hid/usb.h **** #include <stdlib.h>
   6:../../../libDaisy/src/hid/usb.h **** 
   7:../../../libDaisy/src/hid/usb.h **** namespace daisy
   8:../../../libDaisy/src/hid/usb.h **** /** @addtogroup human_interface
   9:../../../libDaisy/src/hid/usb.h ****     @{
  10:../../../libDaisy/src/hid/usb.h **** */
  11:../../../libDaisy/src/hid/usb.h **** 
  12:../../../libDaisy/src/hid/usb.h **** {
  13:../../../libDaisy/src/hid/usb.h **** /** 
  14:../../../libDaisy/src/hid/usb.h ****     @brief Interface for initializing and using the USB Peripherals on the daisy
  15:../../../libDaisy/src/hid/usb.h ****     @author Stephen Hensley
  16:../../../libDaisy/src/hid/usb.h ****     @date December 2019
  17:../../../libDaisy/src/hid/usb.h **** */
  18:../../../libDaisy/src/hid/usb.h **** class UsbHandle
  19:../../../libDaisy/src/hid/usb.h **** {
  20:../../../libDaisy/src/hid/usb.h ****   public:
ARM GAS  C:\Users\jaude\AppData\Local\Temp\ccjajBtu.s 			page 5


  21:../../../libDaisy/src/hid/usb.h ****     /** Return values for USBHandle Functions */
  22:../../../libDaisy/src/hid/usb.h ****     enum class Result
  23:../../../libDaisy/src/hid/usb.h ****     {
  24:../../../libDaisy/src/hid/usb.h ****         OK,
  25:../../../libDaisy/src/hid/usb.h ****         ERR,
  26:../../../libDaisy/src/hid/usb.h ****     };
  27:../../../libDaisy/src/hid/usb.h **** 
  28:../../../libDaisy/src/hid/usb.h ****     /** Specified which of the two USB Peripherals to initialize. */
  29:../../../libDaisy/src/hid/usb.h ****     enum UsbPeriph
  30:../../../libDaisy/src/hid/usb.h ****     {
  31:../../../libDaisy/src/hid/usb.h ****         FS_INTERNAL, /**< Internal pin */
  32:../../../libDaisy/src/hid/usb.h ****         FS_EXTERNAL, /**< FS External D+ pin is Pin 38 (GPIO32). FS External D- pin is Pin 37 (GPIO
  33:../../../libDaisy/src/hid/usb.h ****         FS_BOTH,     /**< Both */
  34:../../../libDaisy/src/hid/usb.h ****     };
  35:../../../libDaisy/src/hid/usb.h **** 
  36:../../../libDaisy/src/hid/usb.h **** 
  37:../../../libDaisy/src/hid/usb.h ****     /** Function called upon reception of a buffer */
  38:../../../libDaisy/src/hid/usb.h ****     typedef void (*ReceiveCallback)(uint8_t* buff, uint32_t* len);
  39:../../../libDaisy/src/hid/usb.h **** 
  40:../../../libDaisy/src/hid/usb.h ****     UsbHandle() {}
  41:../../../libDaisy/src/hid/usb.h **** 
  42:../../../libDaisy/src/hid/usb.h ****     ~UsbHandle() {}
  69              		.loc 4 42 5 is_stmt 1 view .LVU5
  70              		.loc 4 42 5 is_stmt 0 view .LVU6
  71              	.LBE82:
  72              	.LBB83:
  73              	.LBI83:
  74              		.file 5 "../../../libDaisy/src/per/adc.h"
   1:../../../libDaisy/src/per/adc.h **** #pragma once
   2:../../../libDaisy/src/per/adc.h **** #ifndef DSY_ADC_H
   3:../../../libDaisy/src/per/adc.h **** #define DSY_ADC_H /**< Macro */
   4:../../../libDaisy/src/per/adc.h **** #include <stdint.h>
   5:../../../libDaisy/src/per/adc.h **** #include <stdlib.h>
   6:../../../libDaisy/src/per/adc.h **** #include "daisy_core.h"
   7:../../../libDaisy/src/per/adc.h **** #include "per/gpio.h"
   8:../../../libDaisy/src/per/adc.h **** 
   9:../../../libDaisy/src/per/adc.h **** #define DSY_ADC_MAX_CHANNELS 16 /**< Maximum number of ADC channels */
  10:../../../libDaisy/src/per/adc.h **** 
  11:../../../libDaisy/src/per/adc.h **** namespace daisy
  12:../../../libDaisy/src/per/adc.h **** {
  13:../../../libDaisy/src/per/adc.h **** /** @addtogroup per_analog
  14:../../../libDaisy/src/per/adc.h ****     @{
  15:../../../libDaisy/src/per/adc.h **** */
  16:../../../libDaisy/src/per/adc.h **** 
  17:../../../libDaisy/src/per/adc.h **** /* While there may not be many configuration options here,
  18:../../../libDaisy/src/per/adc.h **** using a struct like this allows us to add more configuration
  19:../../../libDaisy/src/per/adc.h **** later without breaking existing functionality.
  20:../../../libDaisy/src/per/adc.h **** */
  21:../../../libDaisy/src/per/adc.h **** 
  22:../../../libDaisy/src/per/adc.h **** /** @brief   Configuration Structure for an ADC Channel 
  23:../../../libDaisy/src/per/adc.h ****  *  @details This can be used to configure a a single input, 
  24:../../../libDaisy/src/per/adc.h ****  *           or a multiplexed input, allowing up to 8 inputs on 
  25:../../../libDaisy/src/per/adc.h ****  *           one channel.
  26:../../../libDaisy/src/per/adc.h ****  *  @note    Sharing data lines to multiple muxes _is_ possible, but
  27:../../../libDaisy/src/per/adc.h ****  *           each channel sharing data lines must be set to the maximum
  28:../../../libDaisy/src/per/adc.h ****  *           number of channels, even if some multiplexers have fewer
  29:../../../libDaisy/src/per/adc.h ****  *           inputs connected.
ARM GAS  C:\Users\jaude\AppData\Local\Temp\ccjajBtu.s 			page 6


  30:../../../libDaisy/src/per/adc.h **** */
  31:../../../libDaisy/src/per/adc.h **** struct AdcChannelConfig
  32:../../../libDaisy/src/per/adc.h **** {
  33:../../../libDaisy/src/per/adc.h ****     /** Which pin to use for multiplexing */
  34:../../../libDaisy/src/per/adc.h ****     enum MuxPin
  35:../../../libDaisy/src/per/adc.h ****     {
  36:../../../libDaisy/src/per/adc.h ****         MUX_SEL_0,    /**< & */
  37:../../../libDaisy/src/per/adc.h ****         MUX_SEL_1,    /**< & */
  38:../../../libDaisy/src/per/adc.h ****         MUX_SEL_2,    /**< & */
  39:../../../libDaisy/src/per/adc.h ****         MUX_SEL_LAST, /**< & */
  40:../../../libDaisy/src/per/adc.h ****     };
  41:../../../libDaisy/src/per/adc.h **** 
  42:../../../libDaisy/src/per/adc.h ****     /** \brief per channel conversion speed added to fixed time based on bitdepth, etc. */
  43:../../../libDaisy/src/per/adc.h ****     enum ConversionSpeed
  44:../../../libDaisy/src/per/adc.h ****     {
  45:../../../libDaisy/src/per/adc.h ****         SPEED_1CYCLES_5,
  46:../../../libDaisy/src/per/adc.h ****         SPEED_2CYCLES_5,
  47:../../../libDaisy/src/per/adc.h ****         SPEED_8CYCLES_5,
  48:../../../libDaisy/src/per/adc.h ****         SPEED_16CYCLES_5,
  49:../../../libDaisy/src/per/adc.h ****         SPEED_32CYCLES_5,
  50:../../../libDaisy/src/per/adc.h ****         SPEED_64CYCLES_5,
  51:../../../libDaisy/src/per/adc.h ****         SPEED_387CYCLES_5,
  52:../../../libDaisy/src/per/adc.h ****         SPEED_810CYCLES_5,
  53:../../../libDaisy/src/per/adc.h ****     };
  54:../../../libDaisy/src/per/adc.h **** 
  55:../../../libDaisy/src/per/adc.h ****     /** Initializes a single ADC pin as an ADC. 
  56:../../../libDaisy/src/per/adc.h ****     \param pin Pin to init.
  57:../../../libDaisy/src/per/adc.h ****     \param speed conversion speed for this pin defaults to 8.5 cycles
  58:../../../libDaisy/src/per/adc.h ****      */
  59:../../../libDaisy/src/per/adc.h ****     void InitSingle(dsy_gpio_pin pin, ConversionSpeed speed = SPEED_8CYCLES_5);
  60:../../../libDaisy/src/per/adc.h **** 
  61:../../../libDaisy/src/per/adc.h ****     /** 
  62:../../../libDaisy/src/per/adc.h ****     Initializes a single ADC pin as a Multiplexed ADC.
  63:../../../libDaisy/src/per/adc.h ****     Requires a CD405X Multiplexer connected to the pin.
  64:../../../libDaisy/src/per/adc.h ****     You only need to supply the mux pins that are required,
  65:../../../libDaisy/src/per/adc.h ****     e.g. a 4052 mux would only require mux_0 and mux_1.
  66:../../../libDaisy/src/per/adc.h ****     Internal Callbacks handle the pin addressing.
  67:../../../libDaisy/src/per/adc.h ****     \param adc_pin &
  68:../../../libDaisy/src/per/adc.h ****     \param mux_channels must be 1-8
  69:../../../libDaisy/src/per/adc.h ****     \param mux_0 First mux pin
  70:../../../libDaisy/src/per/adc.h ****     \param mux_1 Second mux pin
  71:../../../libDaisy/src/per/adc.h ****     \param mux_2 Third mux pin
  72:../../../libDaisy/src/per/adc.h ****     \param speed conversion speed for this pin defaults to 8.5 cycles
  73:../../../libDaisy/src/per/adc.h ****     */
  74:../../../libDaisy/src/per/adc.h ****     void InitMux(dsy_gpio_pin    adc_pin,
  75:../../../libDaisy/src/per/adc.h ****                  size_t          mux_channels,
  76:../../../libDaisy/src/per/adc.h ****                  dsy_gpio_pin    mux_0,
  77:../../../libDaisy/src/per/adc.h ****                  dsy_gpio_pin    mux_1 = {DSY_GPIOX, 0},
  78:../../../libDaisy/src/per/adc.h ****                  dsy_gpio_pin    mux_2 = {DSY_GPIOX, 0},
  79:../../../libDaisy/src/per/adc.h ****                  ConversionSpeed speed = SPEED_8CYCLES_5);
  80:../../../libDaisy/src/per/adc.h **** 
  81:../../../libDaisy/src/per/adc.h ****     dsy_gpio        pin_;                   /**< & */
  82:../../../libDaisy/src/per/adc.h ****     dsy_gpio        mux_pin_[MUX_SEL_LAST]; /**< & */
  83:../../../libDaisy/src/per/adc.h ****     uint8_t         mux_channels_;          /**< & */
  84:../../../libDaisy/src/per/adc.h ****     ConversionSpeed speed_;
  85:../../../libDaisy/src/per/adc.h **** };
  86:../../../libDaisy/src/per/adc.h **** 
ARM GAS  C:\Users\jaude\AppData\Local\Temp\ccjajBtu.s 			page 7


  87:../../../libDaisy/src/per/adc.h **** /**
  88:../../../libDaisy/src/per/adc.h ****    @brief Handler for analog to digital conversion
  89:../../../libDaisy/src/per/adc.h **** */
  90:../../../libDaisy/src/per/adc.h **** class AdcHandle
  91:../../../libDaisy/src/per/adc.h **** {
  92:../../../libDaisy/src/per/adc.h ****   public:
  93:../../../libDaisy/src/per/adc.h ****     /** Supported oversampling amounts */
  94:../../../libDaisy/src/per/adc.h ****     enum OverSampling
  95:../../../libDaisy/src/per/adc.h ****     {
  96:../../../libDaisy/src/per/adc.h ****         OVS_NONE, /**< & */
  97:../../../libDaisy/src/per/adc.h ****         OVS_4,    /**< & */
  98:../../../libDaisy/src/per/adc.h ****         OVS_8,    /**< & */
  99:../../../libDaisy/src/per/adc.h ****         OVS_16,   /**< & */
 100:../../../libDaisy/src/per/adc.h ****         OVS_32,   /**< & */
 101:../../../libDaisy/src/per/adc.h ****         OVS_64,   /**< & */
 102:../../../libDaisy/src/per/adc.h ****         OVS_128,  /**< & */
 103:../../../libDaisy/src/per/adc.h ****         OVS_256,  /**< & */
 104:../../../libDaisy/src/per/adc.h ****         OVS_512,  /**< & */
 105:../../../libDaisy/src/per/adc.h ****         OVS_1024, /**< & */
 106:../../../libDaisy/src/per/adc.h ****         OVS_LAST, /**< & */
 107:../../../libDaisy/src/per/adc.h ****     };
 108:../../../libDaisy/src/per/adc.h **** 
 109:../../../libDaisy/src/per/adc.h ****     AdcHandle() {}
 110:../../../libDaisy/src/per/adc.h ****     ~AdcHandle() {}
  75              		.loc 5 110 5 is_stmt 1 view .LVU7
  76              		.loc 5 110 5 is_stmt 0 view .LVU8
  77              	.LBE83:
  78              	.LBB84:
  79              	.LBI84:
  80              		.file 6 "../../../libDaisy/src/hid/audio.h"
   1:../../../libDaisy/src/hid/audio.h **** #ifndef DSY_AUDIO_H
   2:../../../libDaisy/src/hid/audio.h **** #define DSY_AUDIO_H /**< & */
   3:../../../libDaisy/src/hid/audio.h **** 
   4:../../../libDaisy/src/hid/audio.h **** #include "per/sai.h"
   5:../../../libDaisy/src/hid/audio.h **** 
   6:../../../libDaisy/src/hid/audio.h **** namespace daisy
   7:../../../libDaisy/src/hid/audio.h **** {
   8:../../../libDaisy/src/hid/audio.h **** /** @brief Audio Engine Handle
   9:../../../libDaisy/src/hid/audio.h ****  *  @ingroup audio 
  10:../../../libDaisy/src/hid/audio.h ****  *  @details This class allows for higher level access to an audio engine.
  11:../../../libDaisy/src/hid/audio.h ****  *           If you're using a SOM like the DaisySeed or DaisyPatchSM (or any 
  12:../../../libDaisy/src/hid/audio.h ****  *            board that includes one of those objects) then the intialization
  13:../../../libDaisy/src/hid/audio.h ****  *            is already taken  care of.
  14:../../../libDaisy/src/hid/audio.h ****  *           If you're setting up your own custom hardware, or need to make changes
  15:../../../libDaisy/src/hid/audio.h ****  *           you will have to take the following steps:
  16:../../../libDaisy/src/hid/audio.h ****  *             1. Create and Initialize an SaiHandle or two depending on your requirements
  17:../../../libDaisy/src/hid/audio.h ****  *             2. Initialize the Audio Handle with the desired settings and the Initialized SaiHand
  18:../../../libDaisy/src/hid/audio.h ****  *             3. If the connected codec requires special configuration or initialization, do so
  19:../../../libDaisy/src/hid/audio.h ****  *             4. Write a callback method using either the AudioCallback or the InterleavingAudioCa
  20:../../../libDaisy/src/hid/audio.h ****  *             5. Start the Audio using one of the StartAudio function
  21:../../../libDaisy/src/hid/audio.h ****  */
  22:../../../libDaisy/src/hid/audio.h **** class AudioHandle
  23:../../../libDaisy/src/hid/audio.h **** {
  24:../../../libDaisy/src/hid/audio.h ****   public:
  25:../../../libDaisy/src/hid/audio.h ****     /** Manually configurable details about the Audio Engine */
  26:../../../libDaisy/src/hid/audio.h ****     /** TODO: Figure out how to get samplerate in here. */
  27:../../../libDaisy/src/hid/audio.h ****     struct Config
ARM GAS  C:\Users\jaude\AppData\Local\Temp\ccjajBtu.s 			page 8


  28:../../../libDaisy/src/hid/audio.h ****     {
  29:../../../libDaisy/src/hid/audio.h ****         /** number of samples to process per callback */
  30:../../../libDaisy/src/hid/audio.h ****         size_t blocksize;
  31:../../../libDaisy/src/hid/audio.h **** 
  32:../../../libDaisy/src/hid/audio.h ****         /**< Sample rate of audio */
  33:../../../libDaisy/src/hid/audio.h ****         SaiHandle::Config::SampleRate samplerate;
  34:../../../libDaisy/src/hid/audio.h **** 
  35:../../../libDaisy/src/hid/audio.h ****         /** factor for adjustment before and after callback for hardware that may have extra headro
  36:../../../libDaisy/src/hid/audio.h ****         float postgain;
  37:../../../libDaisy/src/hid/audio.h **** 
  38:../../../libDaisy/src/hid/audio.h ****         /** factor for additional one-sided compensation to audio path for hardware that may
  39:../../../libDaisy/src/hid/audio.h ****          *  have unequal input/output ranges
  40:../../../libDaisy/src/hid/audio.h ****          */
  41:../../../libDaisy/src/hid/audio.h ****         float output_compensation;
  42:../../../libDaisy/src/hid/audio.h **** 
  43:../../../libDaisy/src/hid/audio.h ****         /** Sets default values for config struct */
  44:../../../libDaisy/src/hid/audio.h ****         Config()
  45:../../../libDaisy/src/hid/audio.h ****         : blocksize(48),
  46:../../../libDaisy/src/hid/audio.h ****           samplerate(SaiHandle::Config::SampleRate::SAI_48KHZ),
  47:../../../libDaisy/src/hid/audio.h ****           postgain(1.f),
  48:../../../libDaisy/src/hid/audio.h ****           output_compensation(1.f)
  49:../../../libDaisy/src/hid/audio.h ****         {
  50:../../../libDaisy/src/hid/audio.h ****         }
  51:../../../libDaisy/src/hid/audio.h ****     };
  52:../../../libDaisy/src/hid/audio.h **** 
  53:../../../libDaisy/src/hid/audio.h ****     enum class Result
  54:../../../libDaisy/src/hid/audio.h ****     {
  55:../../../libDaisy/src/hid/audio.h ****         OK,
  56:../../../libDaisy/src/hid/audio.h ****         ERR,
  57:../../../libDaisy/src/hid/audio.h ****     };
  58:../../../libDaisy/src/hid/audio.h **** 
  59:../../../libDaisy/src/hid/audio.h ****     /** Non-Interleaving input buffer
  60:../../../libDaisy/src/hid/audio.h ****      * Buffer arranged by float[chn][sample] 
  61:../../../libDaisy/src/hid/audio.h ****      * const so that the user can't modify the input
  62:../../../libDaisy/src/hid/audio.h ****      */
  63:../../../libDaisy/src/hid/audio.h ****     typedef const float* const* InputBuffer;
  64:../../../libDaisy/src/hid/audio.h **** 
  65:../../../libDaisy/src/hid/audio.h ****     /** Non-Interleaving output buffer
  66:../../../libDaisy/src/hid/audio.h ****      * Arranged by float[chn][sample] 
  67:../../../libDaisy/src/hid/audio.h ****      */
  68:../../../libDaisy/src/hid/audio.h ****     typedef float** OutputBuffer;
  69:../../../libDaisy/src/hid/audio.h **** 
  70:../../../libDaisy/src/hid/audio.h ****     /** Type for a Non-Interleaving audio callback 
  71:../../../libDaisy/src/hid/audio.h ****      * Non-Interleaving audio callbacks in daisy will be of this type
  72:../../../libDaisy/src/hid/audio.h ****      */
  73:../../../libDaisy/src/hid/audio.h ****     typedef void (*AudioCallback)(InputBuffer  in,
  74:../../../libDaisy/src/hid/audio.h ****                                   OutputBuffer out,
  75:../../../libDaisy/src/hid/audio.h ****                                   size_t       size);
  76:../../../libDaisy/src/hid/audio.h **** 
  77:../../../libDaisy/src/hid/audio.h ****     /** Interleaving Input buffer
  78:../../../libDaisy/src/hid/audio.h ****      ** audio is prepared as { L0, R0, L1, R1, . . . LN, RN }]
  79:../../../libDaisy/src/hid/audio.h ****      ** this is const, as the user shouldn't modify it
  80:../../../libDaisy/src/hid/audio.h ****     */
  81:../../../libDaisy/src/hid/audio.h ****     typedef const float* InterleavingInputBuffer;
  82:../../../libDaisy/src/hid/audio.h **** 
  83:../../../libDaisy/src/hid/audio.h ****     /** Interleaving Output buffer 
  84:../../../libDaisy/src/hid/audio.h ****      ** audio is prepared as { L0, R0, L1, R1, . . . LN, RN }
ARM GAS  C:\Users\jaude\AppData\Local\Temp\ccjajBtu.s 			page 9


  85:../../../libDaisy/src/hid/audio.h ****     */
  86:../../../libDaisy/src/hid/audio.h ****     typedef float* InterleavingOutputBuffer;
  87:../../../libDaisy/src/hid/audio.h **** 
  88:../../../libDaisy/src/hid/audio.h ****     /** Interleaving Audio Callback 
  89:../../../libDaisy/src/hid/audio.h ****      * Interleaving audio callbacks in daisy must be of this type
  90:../../../libDaisy/src/hid/audio.h ****      */
  91:../../../libDaisy/src/hid/audio.h ****     typedef void (*InterleavingAudioCallback)(InterleavingInputBuffer  in,
  92:../../../libDaisy/src/hid/audio.h ****                                               InterleavingOutputBuffer out,
  93:../../../libDaisy/src/hid/audio.h ****                                               size_t                   size);
  94:../../../libDaisy/src/hid/audio.h **** 
  95:../../../libDaisy/src/hid/audio.h ****     AudioHandle() : pimpl_(nullptr) {}
  96:../../../libDaisy/src/hid/audio.h ****     ~AudioHandle() {}
  81              		.loc 6 96 5 is_stmt 1 view .LVU9
  82              		.loc 6 96 5 is_stmt 0 view .LVU10
  83              	.LBE84:
  84              		.loc 2 22 19 view .LVU11
  85 0000 7047     		bx	lr
  86              		.cfi_endproc
  87              	.LFE4676:
  89              		.weak	_ZN5daisy9DaisySeedD1Ev
  90              		.thumb_set _ZN5daisy9DaisySeedD1Ev,_ZN5daisy9DaisySeedD2Ev
  91 0002 00BF     		.section	.text._ZL13AudioCallbackPKfPfj,"ax",%progbits
  92              		.align	1
  93              		.p2align 2,,3
  94              		.syntax unified
  95              		.thumb
  96              		.thumb_func
  97              		.fpu fpv5-d16
  99              	_ZL13AudioCallbackPKfPfj:
 100              	.LVL2:
 101              	.LFB4681:
 102              		.file 7 "oscillator.cpp"
   1:oscillator.cpp **** #include "daisysp.h"
   2:oscillator.cpp **** #include "daisy_seed.h"
   3:oscillator.cpp **** 
   4:oscillator.cpp **** using namespace daisysp;
   5:oscillator.cpp **** using namespace daisy;
   6:oscillator.cpp **** 
   7:oscillator.cpp **** static DaisySeed  hw;
   8:oscillator.cpp **** static Oscillator osc;
   9:oscillator.cpp **** 
  10:oscillator.cpp **** static void AudioCallback(AudioHandle::InterleavingInputBuffer  in,
  11:oscillator.cpp ****                           AudioHandle::InterleavingOutputBuffer out,
  12:oscillator.cpp ****                           size_t                                size)
  13:oscillator.cpp **** {
 103              		.loc 7 13 1 is_stmt 1 view -0
 104              		.cfi_startproc
 105              		@ args = 0, pretend = 0, frame = 0
 106              		@ frame_needed = 0, uses_anonymous_args = 0
  14:oscillator.cpp ****     float sig;
 107              		.loc 7 14 5 view .LVU13
  15:oscillator.cpp ****     for(size_t i = 0; i < size; i += 2)
 108              		.loc 7 15 5 view .LVU14
 109              	.LBB85:
 110              		.loc 7 15 25 view .LVU15
 111 0000 8AB1     		cbz	r2, .L12
 112 0002 013A     		subs	r2, r2, #1
ARM GAS  C:\Users\jaude\AppData\Local\Temp\ccjajBtu.s 			page 10


 113              	.LVL3:
 114              		.loc 7 15 25 is_stmt 0 view .LVU16
 115              	.LBE85:
  13:oscillator.cpp ****     float sig;
 116              		.loc 7 13 1 view .LVU17
 117 0004 70B5     		push	{r4, r5, r6, lr}
 118              		.cfi_def_cfa_offset 16
 119              		.cfi_offset 4, -16
 120              		.cfi_offset 5, -12
 121              		.cfi_offset 6, -8
 122              		.cfi_offset 14, -4
 123 0006 0C46     		mov	r4, r1
 124              	.LBB86:
 125              		.loc 7 15 25 view .LVU18
 126 0008 0025     		movs	r5, #0
 127 000a 5608     		lsrs	r6, r2, #1
 128              	.LVL4:
 129              	.L6:
  16:oscillator.cpp ****     {
  17:oscillator.cpp ****         sig = osc.Process();
 130              		.loc 7 17 9 is_stmt 1 discriminator 2 view .LVU19
 131              		.loc 7 17 26 is_stmt 0 discriminator 2 view .LVU20
 132 000c 0648     		ldr	r0, .L15
  15:oscillator.cpp ****     {
 133              		.loc 7 15 25 discriminator 2 view .LVU21
 134 000e 0834     		adds	r4, r4, #8
 135              		.loc 7 17 26 discriminator 2 view .LVU22
 136 0010 FFF7FEFF 		bl	_ZN7daisysp10Oscillator7ProcessEv
 137              	.LVL5:
  18:oscillator.cpp **** 
  19:oscillator.cpp ****         // left out
  20:oscillator.cpp ****         out[i] = sig;
 138              		.loc 7 20 9 is_stmt 1 discriminator 2 view .LVU23
  15:oscillator.cpp ****     {
 139              		.loc 7 15 25 is_stmt 0 discriminator 2 view .LVU24
 140 0014 AE42     		cmp	r6, r5
 141              		.loc 7 20 16 discriminator 2 view .LVU25
 142 0016 04ED020A 		vstr.32	s0, [r4, #-8]
  21:oscillator.cpp **** 
  22:oscillator.cpp ****         // right out
  23:oscillator.cpp ****         out[i + 1] = sig;
 143              		.loc 7 23 9 is_stmt 1 discriminator 2 view .LVU26
  15:oscillator.cpp ****     {
 144              		.loc 7 15 25 is_stmt 0 discriminator 2 view .LVU27
 145 001a 05F10105 		add	r5, r5, #1
 146              	.LVL6:
 147              		.loc 7 23 20 discriminator 2 view .LVU28
 148 001e 04ED010A 		vstr.32	s0, [r4, #-4]
  15:oscillator.cpp ****     {
 149              		.loc 7 15 5 is_stmt 1 discriminator 2 view .LVU29
 150              	.LVL7:
  15:oscillator.cpp ****     {
 151              		.loc 7 15 25 discriminator 2 view .LVU30
 152 0022 F3D1     		bne	.L6
 153              	.LBE86:
  24:oscillator.cpp ****     }
  25:oscillator.cpp **** }
ARM GAS  C:\Users\jaude\AppData\Local\Temp\ccjajBtu.s 			page 11


 154              		.loc 7 25 1 is_stmt 0 view .LVU31
 155 0024 70BD     		pop	{r4, r5, r6, pc}
 156              	.LVL8:
 157              	.L12:
 158              		.cfi_def_cfa_offset 0
 159              		.cfi_restore 4
 160              		.cfi_restore 5
 161              		.cfi_restore 6
 162              		.cfi_restore 14
 163              		.loc 7 25 1 view .LVU32
 164 0026 7047     		bx	lr
 165              	.L16:
 166              		.align	2
 167              	.L15:
 168 0028 00000000 		.word	.LANCHOR0
 169              		.cfi_endproc
 170              	.LFE4681:
 172              		.section	.text.startup.main,"ax",%progbits
 173              		.align	1
 174              		.p2align 2,,3
 175              		.global	main
 176              		.syntax unified
 177              		.thumb
 178              		.thumb_func
 179              		.fpu fpv5-d16
 181              	main:
 182              	.LFB4682:
  26:oscillator.cpp **** 
  27:oscillator.cpp **** int main(void)
  28:oscillator.cpp **** {
 183              		.loc 7 28 1 is_stmt 1 view -0
 184              		.cfi_startproc
 185              		@ args = 0, pretend = 0, frame = 0
 186              		@ frame_needed = 0, uses_anonymous_args = 0
  29:oscillator.cpp ****     // initialize seed hardware and oscillator daisysp module
  30:oscillator.cpp ****     float sample_rate;
 187              		.loc 7 30 5 view .LVU34
  31:oscillator.cpp ****     hw.Configure();
 188              		.loc 7 31 5 view .LVU35
  28:oscillator.cpp ****     // initialize seed hardware and oscillator daisysp module
 189              		.loc 7 28 1 is_stmt 0 view .LVU36
 190 0000 38B5     		push	{r3, r4, r5, lr}
 191              		.cfi_def_cfa_offset 16
 192              		.cfi_offset 3, -16
 193              		.cfi_offset 4, -12
 194              		.cfi_offset 5, -8
 195              		.cfi_offset 14, -4
 196              		.loc 7 31 17 view .LVU37
 197 0002 2048     		ldr	r0, .L20
 198              	.LBB95:
 199              	.LBB96:
  25:../../../DaisySP/Source/Synthesis/oscillator.h ****     /** Choices for output waveforms, POLYBLEP are appropriately labeled. Others are naive forms.
  26:../../../DaisySP/Source/Synthesis/oscillator.h ****     */
  27:../../../DaisySP/Source/Synthesis/oscillator.h ****     enum
  28:../../../DaisySP/Source/Synthesis/oscillator.h ****     {
  29:../../../DaisySP/Source/Synthesis/oscillator.h ****         WAVE_SIN,
  30:../../../DaisySP/Source/Synthesis/oscillator.h ****         WAVE_TRI,
ARM GAS  C:\Users\jaude\AppData\Local\Temp\ccjajBtu.s 			page 12


  31:../../../DaisySP/Source/Synthesis/oscillator.h ****         WAVE_SAW,
  32:../../../DaisySP/Source/Synthesis/oscillator.h ****         WAVE_RAMP,
  33:../../../DaisySP/Source/Synthesis/oscillator.h ****         WAVE_SQUARE,
  34:../../../DaisySP/Source/Synthesis/oscillator.h ****         WAVE_POLYBLEP_TRI,
  35:../../../DaisySP/Source/Synthesis/oscillator.h ****         WAVE_POLYBLEP_SAW,
  36:../../../DaisySP/Source/Synthesis/oscillator.h ****         WAVE_POLYBLEP_SQUARE,
  37:../../../DaisySP/Source/Synthesis/oscillator.h ****         WAVE_LAST,
  38:../../../DaisySP/Source/Synthesis/oscillator.h ****     };
  39:../../../DaisySP/Source/Synthesis/oscillator.h **** 
  40:../../../DaisySP/Source/Synthesis/oscillator.h **** 
  41:../../../DaisySP/Source/Synthesis/oscillator.h ****     /** Initializes the Oscillator
  42:../../../DaisySP/Source/Synthesis/oscillator.h **** 
  43:../../../DaisySP/Source/Synthesis/oscillator.h ****         \param sample_rate - sample rate of the audio engine being run, and the frequency that the 
  44:../../../DaisySP/Source/Synthesis/oscillator.h **** 
  45:../../../DaisySP/Source/Synthesis/oscillator.h ****         Defaults:
  46:../../../DaisySP/Source/Synthesis/oscillator.h ****         - freq_ = 100 Hz
  47:../../../DaisySP/Source/Synthesis/oscillator.h ****         - amp_ = 0.5
  48:../../../DaisySP/Source/Synthesis/oscillator.h ****         - waveform_ = sine wave.
  49:../../../DaisySP/Source/Synthesis/oscillator.h ****     */
  50:../../../DaisySP/Source/Synthesis/oscillator.h ****     void Init(float sample_rate)
  51:../../../DaisySP/Source/Synthesis/oscillator.h ****     {
  52:../../../DaisySP/Source/Synthesis/oscillator.h ****         sr_        = sample_rate;
  53:../../../DaisySP/Source/Synthesis/oscillator.h ****         sr_recip_  = 1.0f / sample_rate;
  54:../../../DaisySP/Source/Synthesis/oscillator.h ****         freq_      = 100.0f;
  55:../../../DaisySP/Source/Synthesis/oscillator.h ****         amp_       = 0.5f;
 200              		.loc 1 55 20 view .LVU38
 201 0004 4FF07C55 		mov	r5, #1056964608
 202              	.LBE96:
 203              	.LBE95:
 204              		.loc 7 31 17 view .LVU39
 205 0008 FFF7FEFF 		bl	_ZN5daisy9DaisySeed9ConfigureEv
 206              	.LVL9:
  32:oscillator.cpp ****     hw.Init();
 207              		.loc 7 32 5 is_stmt 1 view .LVU40
 208              		.loc 7 32 12 is_stmt 0 view .LVU41
 209 000c 0021     		movs	r1, #0
 210 000e 1D48     		ldr	r0, .L20
 211 0010 FFF7FEFF 		bl	_ZN5daisy9DaisySeed4InitEb
 212              	.LVL10:
  33:oscillator.cpp ****     hw.SetAudioBlockSize(4);
 213              		.loc 7 33 5 is_stmt 1 view .LVU42
 214              		.loc 7 33 25 is_stmt 0 view .LVU43
 215 0014 0421     		movs	r1, #4
 216 0016 1B48     		ldr	r0, .L20
 217 0018 FFF7FEFF 		bl	_ZN5daisy9DaisySeed17SetAudioBlockSizeEj
 218              	.LVL11:
  34:oscillator.cpp ****     sample_rate = hw.AudioSampleRate();
 219              		.loc 7 34 5 is_stmt 1 view .LVU44
 220              		.loc 7 34 37 is_stmt 0 view .LVU45
 221 001c 1948     		ldr	r0, .L20
 222 001e FFF7FEFF 		bl	_ZN5daisy9DaisySeed15AudioSampleRateEv
 223              	.LVL12:
 224              	.LBB101:
 225              	.LBB97:
  53:../../../DaisySP/Source/Synthesis/oscillator.h ****         freq_      = 100.0f;
 226              		.loc 1 53 27 view .LVU46
 227 0022 B7EE006A 		vmov.f32	s12, #1.0e+0
ARM GAS  C:\Users\jaude\AppData\Local\Temp\ccjajBtu.s 			page 13


 228              	.LBE97:
 229              	.LBE101:
 230              		.loc 7 34 37 view .LVU47
 231 0026 F0EE407A 		vmov.f32	s15, s0
 232              	.LVL13:
  35:oscillator.cpp ****     osc.Init(sample_rate);
 233              		.loc 7 35 5 is_stmt 1 view .LVU48
 234              	.LBB102:
 235              	.LBI95:
  50:../../../DaisySP/Source/Synthesis/oscillator.h ****     {
 236              		.loc 1 50 10 view .LVU49
 237              	.LBB98:
  52:../../../DaisySP/Source/Synthesis/oscillator.h ****         sr_recip_  = 1.0f / sample_rate;
 238              		.loc 1 52 9 view .LVU50
  52:../../../DaisySP/Source/Synthesis/oscillator.h ****         sr_recip_  = 1.0f / sample_rate;
 239              		.loc 1 52 20 is_stmt 0 view .LVU51
 240 002a 174C     		ldr	r4, .L20+4
  54:../../../DaisySP/Source/Synthesis/oscillator.h ****         amp_       = 0.5f;
 241              		.loc 1 54 20 view .LVU52
 242 002c 9FED177A 		vldr.32	s14, .L20+8
  56:../../../DaisySP/Source/Synthesis/oscillator.h ****         pw_        = 0.5f;
  57:../../../DaisySP/Source/Synthesis/oscillator.h ****         phase_     = 0.0f;
 243              		.loc 1 57 20 view .LVU53
 244 0030 0023     		movs	r3, #0
  58:../../../DaisySP/Source/Synthesis/oscillator.h ****         phase_inc_ = CalcPhaseInc(freq_);
 245              		.loc 1 58 34 view .LVU54
 246 0032 2046     		mov	r0, r4
  55:../../../DaisySP/Source/Synthesis/oscillator.h ****         pw_        = 0.5f;
 247              		.loc 1 55 20 view .LVU55
 248 0034 6560     		str	r5, [r4, #4]	@ float
  53:../../../DaisySP/Source/Synthesis/oscillator.h ****         freq_      = 100.0f;
 249              		.loc 1 53 27 view .LVU56
 250 0036 C6EE276A 		vdiv.f32	s13, s12, s15
  52:../../../DaisySP/Source/Synthesis/oscillator.h ****         sr_recip_  = 1.0f / sample_rate;
 251              		.loc 1 52 20 view .LVU57
 252 003a C4ED047A 		vstr.32	s15, [r4, #16]
  53:../../../DaisySP/Source/Synthesis/oscillator.h ****         freq_      = 100.0f;
 253              		.loc 1 53 9 is_stmt 1 view .LVU58
  54:../../../DaisySP/Source/Synthesis/oscillator.h ****         amp_       = 0.5f;
 254              		.loc 1 54 20 is_stmt 0 view .LVU59
 255 003e 84ED027A 		vstr.32	s14, [r4, #8]
  57:../../../DaisySP/Source/Synthesis/oscillator.h ****         phase_inc_ = CalcPhaseInc(freq_);
 256              		.loc 1 57 20 view .LVU60
 257 0042 A361     		str	r3, [r4, #24]	@ float
  56:../../../DaisySP/Source/Synthesis/oscillator.h ****         phase_     = 0.0f;
 258              		.loc 1 56 20 view .LVU61
 259 0044 E560     		str	r5, [r4, #12]	@ float
 260              		.loc 1 58 34 view .LVU62
 261 0046 B0EE470A 		vmov.f32	s0, s14
 262              	.LVL14:
  53:../../../DaisySP/Source/Synthesis/oscillator.h ****         freq_      = 100.0f;
 263              		.loc 1 53 20 view .LVU63
 264 004a C4ED056A 		vstr.32	s13, [r4, #20]
  54:../../../DaisySP/Source/Synthesis/oscillator.h ****         amp_       = 0.5f;
 265              		.loc 1 54 9 is_stmt 1 view .LVU64
  55:../../../DaisySP/Source/Synthesis/oscillator.h ****         pw_        = 0.5f;
 266              		.loc 1 55 9 view .LVU65
ARM GAS  C:\Users\jaude\AppData\Local\Temp\ccjajBtu.s 			page 14


  56:../../../DaisySP/Source/Synthesis/oscillator.h ****         phase_     = 0.0f;
 267              		.loc 1 56 9 view .LVU66
  57:../../../DaisySP/Source/Synthesis/oscillator.h ****         phase_inc_ = CalcPhaseInc(freq_);
 268              		.loc 1 57 9 view .LVU67
 269              		.loc 1 58 9 view .LVU68
 270              		.loc 1 58 34 is_stmt 0 view .LVU69
 271 004e FFF7FEFF 		bl	_ZN7daisysp10Oscillator12CalcPhaseIncEf
 272              	.LVL15:
 273              		.loc 1 58 34 view .LVU70
 274 0052 F0EE407A 		vmov.f32	s15, s0
  59:../../../DaisySP/Source/Synthesis/oscillator.h ****         waveform_  = WAVE_SIN;
 275              		.loc 1 59 20 view .LVU71
 276 0056 0022     		movs	r2, #0
 277              	.LBE98:
 278              	.LBE102:
 279              	.LBB103:
 280              	.LBB104:
  60:../../../DaisySP/Source/Synthesis/oscillator.h ****         eoc_       = true;
  61:../../../DaisySP/Source/Synthesis/oscillator.h ****         eor_       = true;
  62:../../../DaisySP/Source/Synthesis/oscillator.h ****     }
  63:../../../DaisySP/Source/Synthesis/oscillator.h **** 
  64:../../../DaisySP/Source/Synthesis/oscillator.h **** 
  65:../../../DaisySP/Source/Synthesis/oscillator.h ****     /** Changes the frequency of the Oscillator, and recalculates phase increment.
  66:../../../DaisySP/Source/Synthesis/oscillator.h ****     */
  67:../../../DaisySP/Source/Synthesis/oscillator.h ****     inline void SetFreq(const float f)
  68:../../../DaisySP/Source/Synthesis/oscillator.h ****     {
  69:../../../DaisySP/Source/Synthesis/oscillator.h ****         freq_      = f;
 281              		.loc 1 69 20 view .LVU72
 282 0058 9FED0D0A 		vldr.32	s0, .L20+12
 283              	.LBE104:
 284              	.LBE103:
 285              	.LBB108:
 286              	.LBB99:
  61:../../../DaisySP/Source/Synthesis/oscillator.h ****     }
 287              		.loc 1 61 20 view .LVU73
 288 005c 40F20113 		movw	r3, #257
 289              	.LBE99:
 290              	.LBE108:
 291              	.LBB109:
 292              	.LBB105:
  70:../../../DaisySP/Source/Synthesis/oscillator.h ****         phase_inc_ = CalcPhaseInc(f);
 293              		.loc 1 70 34 view .LVU74
 294 0060 2046     		mov	r0, r4
 295              	.LBE105:
 296              	.LBE109:
 297              	.LBB110:
 298              	.LBB100:
  59:../../../DaisySP/Source/Synthesis/oscillator.h ****         eoc_       = true;
 299              		.loc 1 59 20 view .LVU75
 300 0062 2270     		strb	r2, [r4]
  58:../../../DaisySP/Source/Synthesis/oscillator.h ****         waveform_  = WAVE_SIN;
 301              		.loc 1 58 20 view .LVU76
 302 0064 C4ED077A 		vstr.32	s15, [r4, #28]
  59:../../../DaisySP/Source/Synthesis/oscillator.h ****         eoc_       = true;
 303              		.loc 1 59 9 is_stmt 1 view .LVU77
  60:../../../DaisySP/Source/Synthesis/oscillator.h ****         eor_       = true;
 304              		.loc 1 60 9 view .LVU78
ARM GAS  C:\Users\jaude\AppData\Local\Temp\ccjajBtu.s 			page 15


  61:../../../DaisySP/Source/Synthesis/oscillator.h ****     }
 305              		.loc 1 61 9 view .LVU79
  61:../../../DaisySP/Source/Synthesis/oscillator.h ****     }
 306              		.loc 1 61 20 is_stmt 0 view .LVU80
 307 0068 2385     		strh	r3, [r4, #40]	@ movhi
 308              	.LVL16:
  61:../../../DaisySP/Source/Synthesis/oscillator.h ****     }
 309              		.loc 1 61 20 view .LVU81
 310              	.LBE100:
 311              	.LBE110:
  36:oscillator.cpp **** 
  37:oscillator.cpp ****     // Set parameters for oscillator
  38:oscillator.cpp ****     osc.SetWaveform(osc.WAVE_SIN);
 312              		.loc 7 38 5 is_stmt 1 view .LVU82
  71:../../../DaisySP/Source/Synthesis/oscillator.h ****     }
  72:../../../DaisySP/Source/Synthesis/oscillator.h **** 
  73:../../../DaisySP/Source/Synthesis/oscillator.h **** 
  74:../../../DaisySP/Source/Synthesis/oscillator.h ****     /** Sets the amplitude of the waveform.
  75:../../../DaisySP/Source/Synthesis/oscillator.h ****     */
  76:../../../DaisySP/Source/Synthesis/oscillator.h ****     inline void SetAmp(const float a) { amp_ = a; }
  77:../../../DaisySP/Source/Synthesis/oscillator.h ****     /** Sets the waveform to be synthesized by the Process() function.
  78:../../../DaisySP/Source/Synthesis/oscillator.h ****     */
  79:../../../DaisySP/Source/Synthesis/oscillator.h ****     inline void SetWaveform(const uint8_t wf)
  80:../../../DaisySP/Source/Synthesis/oscillator.h ****     {
  81:../../../DaisySP/Source/Synthesis/oscillator.h ****         waveform_ = wf < WAVE_LAST ? wf : WAVE_SIN;
 313              		.loc 1 81 9 view .LVU83
  39:oscillator.cpp ****     osc.SetFreq(440);
 314              		.loc 7 39 5 view .LVU84
 315              	.LBB111:
 316              	.LBI103:
  67:../../../DaisySP/Source/Synthesis/oscillator.h ****     {
 317              		.loc 1 67 17 view .LVU85
 318              	.LBB106:
  69:../../../DaisySP/Source/Synthesis/oscillator.h ****         phase_inc_ = CalcPhaseInc(f);
 319              		.loc 1 69 9 view .LVU86
  69:../../../DaisySP/Source/Synthesis/oscillator.h ****         phase_inc_ = CalcPhaseInc(f);
 320              		.loc 1 69 20 is_stmt 0 view .LVU87
 321 006a 84ED020A 		vstr.32	s0, [r4, #8]
  70:../../../DaisySP/Source/Synthesis/oscillator.h ****     }
 322              		.loc 1 70 9 is_stmt 1 view .LVU88
  70:../../../DaisySP/Source/Synthesis/oscillator.h ****     }
 323              		.loc 1 70 34 is_stmt 0 view .LVU89
 324 006e FFF7FEFF 		bl	_ZN7daisysp10Oscillator12CalcPhaseIncEf
 325              	.LVL17:
 326              	.LBE106:
 327              	.LBE111:
  40:oscillator.cpp ****     osc.SetAmp(0.5);
  41:oscillator.cpp **** 
  42:oscillator.cpp **** 
  43:oscillator.cpp ****     // start callback
  44:oscillator.cpp ****     hw.StartAudio(AudioCallback);
 328              		.loc 7 44 18 view .LVU90
 329 0072 0849     		ldr	r1, .L20+16
 330 0074 0348     		ldr	r0, .L20
 331              	.LBB112:
 332              	.LBB107:
  70:../../../DaisySP/Source/Synthesis/oscillator.h ****     }
ARM GAS  C:\Users\jaude\AppData\Local\Temp\ccjajBtu.s 			page 16


 333              		.loc 1 70 20 view .LVU91
 334 0076 84ED070A 		vstr.32	s0, [r4, #28]
 335              	.LVL18:
  70:../../../DaisySP/Source/Synthesis/oscillator.h ****     }
 336              		.loc 1 70 20 view .LVU92
 337              	.LBE107:
 338              	.LBE112:
  40:oscillator.cpp ****     osc.SetAmp(0.5);
 339              		.loc 7 40 5 is_stmt 1 view .LVU93
 340              	.LBB113:
 341              	.LBI113:
  76:../../../DaisySP/Source/Synthesis/oscillator.h ****     /** Sets the waveform to be synthesized by the Process() function.
 342              		.loc 1 76 17 view .LVU94
 343              	.LBB114:
  76:../../../DaisySP/Source/Synthesis/oscillator.h ****     /** Sets the waveform to be synthesized by the Process() function.
 344              		.loc 1 76 41 view .LVU95
  76:../../../DaisySP/Source/Synthesis/oscillator.h ****     /** Sets the waveform to be synthesized by the Process() function.
 345              		.loc 1 76 46 is_stmt 0 view .LVU96
 346 007a 6560     		str	r5, [r4, #4]	@ float
 347              	.LVL19:
  76:../../../DaisySP/Source/Synthesis/oscillator.h ****     /** Sets the waveform to be synthesized by the Process() function.
 348              		.loc 1 76 46 view .LVU97
 349              	.LBE114:
 350              	.LBE113:
 351              		.loc 7 44 5 is_stmt 1 view .LVU98
 352              		.loc 7 44 18 is_stmt 0 view .LVU99
 353 007c FFF7FEFF 		bl	_ZN5daisy9DaisySeed10StartAudioEPFvPKfPfjE
 354              	.LVL20:
 355              	.L18:
  45:oscillator.cpp **** 
  46:oscillator.cpp **** 
  47:oscillator.cpp ****     while(1) {}
 356              		.loc 7 47 5 is_stmt 1 discriminator 1 view .LVU100
 357              		.loc 7 47 5 discriminator 1 view .LVU101
 358              		.loc 7 47 5 discriminator 1 view .LVU102
 359              		.loc 7 47 5 discriminator 1 view .LVU103
 360 0080 FEE7     		b	.L18
 361              	.L21:
 362 0082 00BF     		.align	2
 363              	.L20:
 364 0084 00000000 		.word	.LANCHOR1
 365 0088 00000000 		.word	.LANCHOR0
 366 008c 0000C842 		.word	1120403456
 367 0090 0000DC43 		.word	1138491392
 368 0094 00000000 		.word	_ZL13AudioCallbackPKfPfj
 369              		.cfi_endproc
 370              	.LFE4682:
 372              		.section	.text.startup._GLOBAL__sub_I_main,"ax",%progbits
 373              		.align	1
 374              		.p2align 2,,3
 375              		.syntax unified
 376              		.thumb
 377              		.thumb_func
 378              		.fpu fpv5-d16
 380              	_GLOBAL__sub_I_main:
 381              	.LFB5245:
  48:oscillator.cpp **** }
ARM GAS  C:\Users\jaude\AppData\Local\Temp\ccjajBtu.s 			page 17


 382              		.loc 7 48 1 view -0
 383              		.cfi_startproc
 384              		@ args = 0, pretend = 0, frame = 0
 385              		@ frame_needed = 0, uses_anonymous_args = 0
 386              	.LBB138:
 387              	.LBI138:
 388              		.loc 7 48 1 view .LVU105
 389              	.LVL21:
 390              	.LBB139:
 391              	.LBB140:
 392              	.LBI140:
  21:../../../libDaisy/src/daisy_seed.h ****     ~DaisySeed() {}
 393              		.loc 2 21 5 view .LVU106
 394              	.LBB141:
 395              	.LBB142:
 396              	.LBI142:
 397              		.file 8 "../../../libDaisy/src/per/qspi.h"
   1:../../../libDaisy/src/per/qspi.h **** #ifndef DSY_QSPI
   2:../../../libDaisy/src/per/qspi.h **** #define DSY_QSPI /**< Macro */
   3:../../../libDaisy/src/per/qspi.h **** 
   4:../../../libDaisy/src/per/qspi.h **** #ifndef UNIT_TEST // for unit tests, a dummy implementation
   5:../../../libDaisy/src/per/qspi.h **** 
   6:../../../libDaisy/src/per/qspi.h **** #include <cstdint>
   7:../../../libDaisy/src/per/qspi.h **** #include "daisy_core.h" // Added for dsy_gpio_pin typedef
   8:../../../libDaisy/src/per/qspi.h **** 
   9:../../../libDaisy/src/per/qspi.h **** #define DSY_QSPI_TEXT       \
  10:../../../libDaisy/src/per/qspi.h ****     __attribute__((section( \
  11:../../../libDaisy/src/per/qspi.h ****         ".qspiflash_text"))) /**< used for reading memory in memory_mapped mode. */
  12:../../../libDaisy/src/per/qspi.h **** #define DSY_QSPI_DATA       \
  13:../../../libDaisy/src/per/qspi.h ****     __attribute__((section( \
  14:../../../libDaisy/src/per/qspi.h ****         ".qspiflash_data"))) /**< used for reading memory in memory_mapped mode. */
  15:../../../libDaisy/src/per/qspi.h **** #define DSY_QSPI_BSS        \
  16:../../../libDaisy/src/per/qspi.h ****     __attribute__((section( \
  17:../../../libDaisy/src/per/qspi.h ****         ".qspiflash_bss"))) /**< used for reading memory in memory_mapped mode. */
  18:../../../libDaisy/src/per/qspi.h **** 
  19:../../../libDaisy/src/per/qspi.h **** namespace daisy
  20:../../../libDaisy/src/per/qspi.h **** {
  21:../../../libDaisy/src/per/qspi.h **** /** @addtogroup serial
  22:../../../libDaisy/src/per/qspi.h **** @{
  23:../../../libDaisy/src/per/qspi.h **** */
  24:../../../libDaisy/src/per/qspi.h **** 
  25:../../../libDaisy/src/per/qspi.h **** /** 
  26:../../../libDaisy/src/per/qspi.h ****  Driver for QSPI peripheral to interface with external flash memory. \n 
  27:../../../libDaisy/src/per/qspi.h ****     Currently supported QSPI Devices: \n 
  28:../../../libDaisy/src/per/qspi.h ****     * IS25LP080D
  29:../../../libDaisy/src/per/qspi.h **** */
  30:../../../libDaisy/src/per/qspi.h **** class QSPIHandle
  31:../../../libDaisy/src/per/qspi.h **** {
  32:../../../libDaisy/src/per/qspi.h ****   public:
  33:../../../libDaisy/src/per/qspi.h ****     enum Result
  34:../../../libDaisy/src/per/qspi.h ****     {
  35:../../../libDaisy/src/per/qspi.h ****         OK = 0,
  36:../../../libDaisy/src/per/qspi.h ****         ERR
  37:../../../libDaisy/src/per/qspi.h ****     };
  38:../../../libDaisy/src/per/qspi.h **** 
  39:../../../libDaisy/src/per/qspi.h ****     /** Indicates the current status of the module. 
  40:../../../libDaisy/src/per/qspi.h ****          *  Warnings are indicated by a leading W.
ARM GAS  C:\Users\jaude\AppData\Local\Temp\ccjajBtu.s 			page 18


  41:../../../libDaisy/src/per/qspi.h ****          *  Errors are indicated by a leading E and cause an immediate exit.
  42:../../../libDaisy/src/per/qspi.h ****          * 
  43:../../../libDaisy/src/per/qspi.h ****          *  \param GOOD - No errors have been reported.
  44:../../../libDaisy/src/per/qspi.h ****          *  \param E_HAL_ERROR - HAL code did not return HAL_OK.
  45:../../../libDaisy/src/per/qspi.h ****          *  \param E_SWITCHING_MODES - An error was encountered while switching QSPI peripheral mod
  46:../../../libDaisy/src/per/qspi.h ****          *  \param E_INVALID_MODE - QSPI should not be written to while the program is executing fr
  47:../../../libDaisy/src/per/qspi.h ****          */
  48:../../../libDaisy/src/per/qspi.h ****     enum Status
  49:../../../libDaisy/src/per/qspi.h ****     {
  50:../../../libDaisy/src/per/qspi.h ****         GOOD = 0,
  51:../../../libDaisy/src/per/qspi.h ****         E_HAL_ERROR,
  52:../../../libDaisy/src/per/qspi.h ****         E_SWITCHING_MODES,
  53:../../../libDaisy/src/per/qspi.h ****         E_INVALID_MODE,
  54:../../../libDaisy/src/per/qspi.h ****     };
  55:../../../libDaisy/src/per/qspi.h **** 
  56:../../../libDaisy/src/per/qspi.h ****     /** Configuration structure for interfacing with QSPI Driver */
  57:../../../libDaisy/src/per/qspi.h ****     struct Config
  58:../../../libDaisy/src/per/qspi.h ****     {
  59:../../../libDaisy/src/per/qspi.h ****         /** Flash Devices supported. (Both of these are more-or-less the same, just different sizes
  60:../../../libDaisy/src/per/qspi.h ****         enum Device
  61:../../../libDaisy/src/per/qspi.h ****         {
  62:../../../libDaisy/src/per/qspi.h ****             IS25LP080D,  /**< & */
  63:../../../libDaisy/src/per/qspi.h ****             IS25LP064A,  /**< & */
  64:../../../libDaisy/src/per/qspi.h ****             DEVICE_LAST, /**< & */
  65:../../../libDaisy/src/per/qspi.h ****         };
  66:../../../libDaisy/src/per/qspi.h **** 
  67:../../../libDaisy/src/per/qspi.h ****         /** 
  68:../../../libDaisy/src/per/qspi.h ****         Modes of operation.
  69:../../../libDaisy/src/per/qspi.h ****         Memory Mapped mode: QSPI configured so that the QSPI can be
  70:../../../libDaisy/src/per/qspi.h ****         read from starting address 0x90000000. Writing is not
  71:../../../libDaisy/src/per/qspi.h ****         possible in this mode. \n 
  72:../../../libDaisy/src/per/qspi.h ****         Indirect Polling mode: Device driver enabled. 
  73:../../../libDaisy/src/per/qspi.h ****         */
  74:../../../libDaisy/src/per/qspi.h ****         enum Mode
  75:../../../libDaisy/src/per/qspi.h ****         {
  76:../../../libDaisy/src/per/qspi.h ****             MEMORY_MAPPED,    /**< & */
  77:../../../libDaisy/src/per/qspi.h ****             INDIRECT_POLLING, /**< & */
  78:../../../libDaisy/src/per/qspi.h ****             MODE_LAST,
  79:../../../libDaisy/src/per/qspi.h ****         };
  80:../../../libDaisy/src/per/qspi.h **** 
  81:../../../libDaisy/src/per/qspi.h ****         //SCK,  CE# (active low)
  82:../../../libDaisy/src/per/qspi.h ****         struct
  83:../../../libDaisy/src/per/qspi.h ****         {
  84:../../../libDaisy/src/per/qspi.h ****             dsy_gpio_pin io0; /**< & */
  85:../../../libDaisy/src/per/qspi.h ****             dsy_gpio_pin io1; /**< & */
  86:../../../libDaisy/src/per/qspi.h ****             dsy_gpio_pin io2; /**< & */
  87:../../../libDaisy/src/per/qspi.h ****             dsy_gpio_pin io3; /**< & */
  88:../../../libDaisy/src/per/qspi.h ****             dsy_gpio_pin clk; /**< & */
  89:../../../libDaisy/src/per/qspi.h ****             dsy_gpio_pin ncs; /**< & */
  90:../../../libDaisy/src/per/qspi.h ****         } pin_config;
  91:../../../libDaisy/src/per/qspi.h **** 
  92:../../../libDaisy/src/per/qspi.h ****         Device device;
  93:../../../libDaisy/src/per/qspi.h ****         Mode   mode;
  94:../../../libDaisy/src/per/qspi.h ****     };
  95:../../../libDaisy/src/per/qspi.h **** 
  96:../../../libDaisy/src/per/qspi.h ****     /** 
  97:../../../libDaisy/src/per/qspi.h ****         Initializes QSPI peripheral, and Resets, and prepares memory for access.
ARM GAS  C:\Users\jaude\AppData\Local\Temp\ccjajBtu.s 			page 19


  98:../../../libDaisy/src/per/qspi.h ****         \param config should be populated with the mode, device and pin_config before calling this 
  99:../../../libDaisy/src/per/qspi.h ****         \return Result::OK or Result::ERR
 100:../../../libDaisy/src/per/qspi.h ****         */
 101:../../../libDaisy/src/per/qspi.h ****     Result Init(const Config& config);
 102:../../../libDaisy/src/per/qspi.h **** 
 103:../../../libDaisy/src/per/qspi.h ****     /** Returns the current config. */
 104:../../../libDaisy/src/per/qspi.h ****     const Config& GetConfig() const;
 105:../../../libDaisy/src/per/qspi.h **** 
 106:../../../libDaisy/src/per/qspi.h ****     // Couldn't this just be called before anything else in init? That
 107:../../../libDaisy/src/per/qspi.h ****     // would make manually calling it unnecessary.
 108:../../../libDaisy/src/per/qspi.h ****     /** 
 109:../../../libDaisy/src/per/qspi.h ****         Deinitializes the peripheral
 110:../../../libDaisy/src/per/qspi.h ****         This should be called before reinitializing QSPI in a different mode.
 111:../../../libDaisy/src/per/qspi.h ****         \return Result::OK or Result::ERR
 112:../../../libDaisy/src/per/qspi.h ****         */
 113:../../../libDaisy/src/per/qspi.h ****     Result DeInit();
 114:../../../libDaisy/src/per/qspi.h **** 
 115:../../../libDaisy/src/per/qspi.h ****     /** 
 116:../../../libDaisy/src/per/qspi.h ****         Writes a single page to to the specified address on the QSPI chip.
 117:../../../libDaisy/src/per/qspi.h ****         For IS25LP*, page size is 256 bytes.
 118:../../../libDaisy/src/per/qspi.h ****         \param address Address to write to
 119:../../../libDaisy/src/per/qspi.h ****         \param size Buffer size
 120:../../../libDaisy/src/per/qspi.h ****         \param buffer Buffer to write
 121:../../../libDaisy/src/per/qspi.h ****         \return Result::OK or Result::ERR
 122:../../../libDaisy/src/per/qspi.h ****         */
 123:../../../libDaisy/src/per/qspi.h ****     Result WritePage(uint32_t address, uint32_t size, uint8_t* buffer);
 124:../../../libDaisy/src/per/qspi.h **** 
 125:../../../libDaisy/src/per/qspi.h ****     /** 
 126:../../../libDaisy/src/per/qspi.h ****         Writes data in buffer to to the QSPI. Starting at address to address+size 
 127:../../../libDaisy/src/per/qspi.h ****         \param address Address to write to
 128:../../../libDaisy/src/per/qspi.h ****         \param size Buffer size
 129:../../../libDaisy/src/per/qspi.h ****         \param buffer Buffer to write
 130:../../../libDaisy/src/per/qspi.h ****         \return Result::OK or Result::ERR
 131:../../../libDaisy/src/per/qspi.h ****         */
 132:../../../libDaisy/src/per/qspi.h ****     Result Write(uint32_t address, uint32_t size, uint8_t* buffer);
 133:../../../libDaisy/src/per/qspi.h **** 
 134:../../../libDaisy/src/per/qspi.h ****     /** 
 135:../../../libDaisy/src/per/qspi.h ****         Erases the area specified on the chip.
 136:../../../libDaisy/src/per/qspi.h ****         Erasures will happen by 4K, 32K or 64K increments.
 137:../../../libDaisy/src/per/qspi.h ****         Smallest erase possible is 4kB at a time. (on IS25LP*)
 138:../../../libDaisy/src/per/qspi.h ****         \param start_addr Address to begin erasing from
 139:../../../libDaisy/src/per/qspi.h ****         \param end_addr  Address to stop erasing at
 140:../../../libDaisy/src/per/qspi.h ****         \return Result::OK or Result::ERR
 141:../../../libDaisy/src/per/qspi.h ****         */
 142:../../../libDaisy/src/per/qspi.h ****     Result Erase(uint32_t start_addr, uint32_t end_addr);
 143:../../../libDaisy/src/per/qspi.h **** 
 144:../../../libDaisy/src/per/qspi.h ****     /**  
 145:../../../libDaisy/src/per/qspi.h ****          Erases a single sector of the chip.  
 146:../../../libDaisy/src/per/qspi.h ****         TODO: Document the size of this function. 
 147:../../../libDaisy/src/per/qspi.h ****         \param address Address of sector to erase
 148:../../../libDaisy/src/per/qspi.h ****         \return Result::OK or Result::ERR
 149:../../../libDaisy/src/per/qspi.h ****         */
 150:../../../libDaisy/src/per/qspi.h ****     Result EraseSector(uint32_t address);
 151:../../../libDaisy/src/per/qspi.h **** 
 152:../../../libDaisy/src/per/qspi.h ****     /** Returns the current class status. Useful for debugging.
 153:../../../libDaisy/src/per/qspi.h ****      *  \returns Status
 154:../../../libDaisy/src/per/qspi.h ****      */
ARM GAS  C:\Users\jaude\AppData\Local\Temp\ccjajBtu.s 			page 20


 155:../../../libDaisy/src/per/qspi.h ****     Status GetStatus();
 156:../../../libDaisy/src/per/qspi.h **** 
 157:../../../libDaisy/src/per/qspi.h ****     /** Returns a pointer to the actual memory used 
 158:../../../libDaisy/src/per/qspi.h ****      *  The memory at this address is read-only
 159:../../../libDaisy/src/per/qspi.h ****      *  to write to it use the Write function.
 160:../../../libDaisy/src/per/qspi.h ****      * 
 161:../../../libDaisy/src/per/qspi.h ****      *  \param offset returns the pointer starting this 
 162:../../../libDaisy/src/per/qspi.h ****      *                many bytes into the memory
 163:../../../libDaisy/src/per/qspi.h ****     */
 164:../../../libDaisy/src/per/qspi.h ****     void* GetData(uint32_t offset = 0);
 165:../../../libDaisy/src/per/qspi.h **** 
 166:../../../libDaisy/src/per/qspi.h ****     QSPIHandle() : pimpl_(nullptr) {}
 398              		.loc 8 166 5 view .LVU107
 399              	.LBE142:
 400              	.LBE141:
 401              	.LBE140:
 402              	.LBE139:
 403              	.LBE138:
 404              		.loc 7 48 1 is_stmt 0 view .LVU108
 405 0000 08B5     		push	{r3, lr}
 406              		.cfi_def_cfa_offset 8
 407              		.cfi_offset 3, -8
 408              		.cfi_offset 14, -4
 409              	.LBB168:
 410              	.LBB166:
 411              	.LBB163:
 412              	.LBB161:
 413              	.LBB147:
 414              	.LBB143:
 415              	.LBB144:
 416              		.loc 8 166 34 view .LVU109
 417 0002 0848     		ldr	r0, .L24
 418 0004 0023     		movs	r3, #0
 419              	.LBE144:
 420              	.LBE143:
 421              	.LBE147:
 422              	.LBE161:
 423              	.LBE163:
   7:oscillator.cpp **** static Oscillator osc;
 424              		.loc 7 7 19 view .LVU110
 425 0006 084A     		ldr	r2, .L24+4
 426 0008 0849     		ldr	r1, .L24+8
 427              	.LBB164:
 428              	.LBB162:
 429              	.LBB148:
 430              	.LBB146:
 431              	.LBB145:
 432              		.loc 8 166 34 view .LVU111
 433 000a 0360     		str	r3, [r0]
 434              	.LVL22:
 435              		.loc 8 166 34 view .LVU112
 436              	.LBE145:
 437              	.LBE146:
 438              	.LBE148:
 439              	.LBB149:
 440              	.LBI149:
  95:../../../libDaisy/src/hid/audio.h ****     ~AudioHandle() {}
ARM GAS  C:\Users\jaude\AppData\Local\Temp\ccjajBtu.s 			page 21


 441              		.loc 6 95 5 is_stmt 1 view .LVU113
 442              	.LBB150:
 443              	.LBB151:
  95:../../../libDaisy/src/hid/audio.h ****     ~AudioHandle() {}
 444              		.loc 6 95 35 is_stmt 0 view .LVU114
 445 000c 4361     		str	r3, [r0, #20]
 446              	.LVL23:
  95:../../../libDaisy/src/hid/audio.h ****     ~AudioHandle() {}
 447              		.loc 6 95 35 view .LVU115
 448              	.LBE151:
 449              	.LBE150:
 450              	.LBE149:
 451              	.LBB152:
 452              	.LBI152:
 109:../../../libDaisy/src/per/adc.h ****     ~AdcHandle() {}
 453              		.loc 5 109 5 is_stmt 1 view .LVU116
 109:../../../libDaisy/src/per/adc.h ****     ~AdcHandle() {}
 454              		.loc 5 109 5 is_stmt 0 view .LVU117
 455              	.LBE152:
 456              	.LBB153:
 457              	.LBI153:
 458              		.file 9 "../../../libDaisy/src/per/dac.h"
   1:../../../libDaisy/src/per/dac.h **** #pragma once
   2:../../../libDaisy/src/per/dac.h **** #ifndef DSY_DAC_H
   3:../../../libDaisy/src/per/dac.h **** #define DSY_DAC_H
   4:../../../libDaisy/src/per/dac.h **** 
   5:../../../libDaisy/src/per/dac.h **** #include "daisy_core.h"
   6:../../../libDaisy/src/per/dac.h **** 
   7:../../../libDaisy/src/per/dac.h **** namespace daisy
   8:../../../libDaisy/src/per/dac.h **** {
   9:../../../libDaisy/src/per/dac.h **** /** @brief DAC handle for Built-in DAC Peripheral 
  10:../../../libDaisy/src/per/dac.h ****  *  @ingroup per_analog
  11:../../../libDaisy/src/per/dac.h ****  ** 
  12:../../../libDaisy/src/per/dac.h ****  ** For now only Normal Mode is supported,
  13:../../../libDaisy/src/per/dac.h ****  ** Sample and hold mode provides reduced power consumption, but requires a bit more setup.
  14:../../../libDaisy/src/per/dac.h ****  **
  15:../../../libDaisy/src/per/dac.h ****  ** For now connecting the DAC through other internal peripherals is also not supported.
  16:../../../libDaisy/src/per/dac.h ****  **
  17:../../../libDaisy/src/per/dac.h ****  ** Since the DAC channels have dedicated pins we don't need to pass in a pin config like with
  18:../../../libDaisy/src/per/dac.h ****  ** other modules. However, it is still important to not try to use the DAC pins for anything else.
  19:../../../libDaisy/src/per/dac.h ****  ** DAC Channel 1 is on PA4, and DAC Channel 2 is on PA5
  20:../../../libDaisy/src/per/dac.h ****  ***/
  21:../../../libDaisy/src/per/dac.h **** class DacHandle
  22:../../../libDaisy/src/per/dac.h **** {
  23:../../../libDaisy/src/per/dac.h ****   public:
  24:../../../libDaisy/src/per/dac.h ****     /** Return Values for the DacHandle class */
  25:../../../libDaisy/src/per/dac.h ****     enum class Result
  26:../../../libDaisy/src/per/dac.h ****     {
  27:../../../libDaisy/src/per/dac.h ****         OK,
  28:../../../libDaisy/src/per/dac.h ****         ERR,
  29:../../../libDaisy/src/per/dac.h ****     };
  30:../../../libDaisy/src/per/dac.h **** 
  31:../../../libDaisy/src/per/dac.h ****     /** Selects which channel(s) will be configured for use. */
  32:../../../libDaisy/src/per/dac.h ****     enum class Channel
  33:../../../libDaisy/src/per/dac.h ****     {
  34:../../../libDaisy/src/per/dac.h ****         ONE,
  35:../../../libDaisy/src/per/dac.h ****         TWO,
ARM GAS  C:\Users\jaude\AppData\Local\Temp\ccjajBtu.s 			page 22


  36:../../../libDaisy/src/per/dac.h ****         BOTH,
  37:../../../libDaisy/src/per/dac.h ****     };
  38:../../../libDaisy/src/per/dac.h **** 
  39:../../../libDaisy/src/per/dac.h ****     /** Sets the Mode for the DAC channels.
  40:../../../libDaisy/src/per/dac.h ****      **
  41:../../../libDaisy/src/per/dac.h ****      ** Polling mode uses the blocking mode to transmit a single value at a time.
  42:../../../libDaisy/src/per/dac.h ****      **
  43:../../../libDaisy/src/per/dac.h ****      ** DMA mode uses a buffer, and periodically transmits it triggering a 
  44:../../../libDaisy/src/per/dac.h ****      ** callback to fill the buffer when it is ready for more samples.
  45:../../../libDaisy/src/per/dac.h ****      ***/
  46:../../../libDaisy/src/per/dac.h ****     enum class Mode
  47:../../../libDaisy/src/per/dac.h ****     {
  48:../../../libDaisy/src/per/dac.h ****         POLLING,
  49:../../../libDaisy/src/per/dac.h ****         DMA,
  50:../../../libDaisy/src/per/dac.h ****     };
  51:../../../libDaisy/src/per/dac.h **** 
  52:../../../libDaisy/src/per/dac.h ****     /** Sets the number of bits per sample transmitted out of the DAC.
  53:../../../libDaisy/src/per/dac.h ****      ** The output range will be: 0V - VDDA
  54:../../../libDaisy/src/per/dac.h ****      ** The resolution will be roughly: bitdepth / (VDDA - 0V) 
  55:../../../libDaisy/src/per/dac.h ****      ***/
  56:../../../libDaisy/src/per/dac.h ****     enum class BitDepth
  57:../../../libDaisy/src/per/dac.h ****     {
  58:../../../libDaisy/src/per/dac.h ****         BITS_8,
  59:../../../libDaisy/src/per/dac.h ****         BITS_12
  60:../../../libDaisy/src/per/dac.h ****     };
  61:../../../libDaisy/src/per/dac.h **** 
  62:../../../libDaisy/src/per/dac.h ****     /** Sets whether the DAC output is buffered for higher drive ability. */
  63:../../../libDaisy/src/per/dac.h ****     enum class BufferState
  64:../../../libDaisy/src/per/dac.h ****     {
  65:../../../libDaisy/src/per/dac.h ****         ENABLED,
  66:../../../libDaisy/src/per/dac.h ****         DISABLED,
  67:../../../libDaisy/src/per/dac.h ****     };
  68:../../../libDaisy/src/per/dac.h **** 
  69:../../../libDaisy/src/per/dac.h ****     /** Configuration structure for initializing the DAC structure. */
  70:../../../libDaisy/src/per/dac.h ****     struct Config
  71:../../../libDaisy/src/per/dac.h ****     {
  72:../../../libDaisy/src/per/dac.h ****         /** Target Samplerate in Hz used to configure the internal 
  73:../../../libDaisy/src/per/dac.h ****          ** timebase for DMA mode. Does nothing in POLLING mode.
  74:../../../libDaisy/src/per/dac.h ****          ** If the value is 0 at Init time this will default to 48000Hz 
  75:../../../libDaisy/src/per/dac.h ****          ** otherwise the driver will attempt meet the target.*/
  76:../../../libDaisy/src/per/dac.h ****         uint32_t target_samplerate;
  77:../../../libDaisy/src/per/dac.h **** 
  78:../../../libDaisy/src/per/dac.h ****         Channel     chn;
  79:../../../libDaisy/src/per/dac.h ****         Mode        mode;
  80:../../../libDaisy/src/per/dac.h ****         BitDepth    bitdepth;
  81:../../../libDaisy/src/per/dac.h ****         BufferState buff_state;
  82:../../../libDaisy/src/per/dac.h ****     };
  83:../../../libDaisy/src/per/dac.h **** 
  84:../../../libDaisy/src/per/dac.h ****     DacHandle() : pimpl_(nullptr) {}
 459              		.loc 9 84 5 is_stmt 1 view .LVU118
 460              	.LBB154:
 461              	.LBB155:
 462              		.loc 9 84 33 is_stmt 0 view .LVU119
 463 000e 0362     		str	r3, [r0, #32]
 464              	.LVL24:
 465              		.loc 9 84 33 view .LVU120
 466              	.LBE155:
ARM GAS  C:\Users\jaude\AppData\Local\Temp\ccjajBtu.s 			page 23


 467              	.LBE154:
 468              	.LBE153:
 469              	.LBB156:
 470              	.LBI156:
  40:../../../libDaisy/src/hid/usb.h **** 
 471              		.loc 4 40 5 is_stmt 1 view .LVU121
  40:../../../libDaisy/src/hid/usb.h **** 
 472              		.loc 4 40 5 is_stmt 0 view .LVU122
 473              	.LBE156:
 474              	.LBB157:
 475              	.LBI157:
  96:../../../libDaisy/src/sys/system.h ****     ~System() {}
 476              		.loc 3 96 5 is_stmt 1 view .LVU123
  96:../../../libDaisy/src/sys/system.h ****     ~System() {}
 477              		.loc 3 96 5 is_stmt 0 view .LVU124
 478              	.LBE157:
 479              	.LBB158:
 480              	.LBI158:
 481              		.file 10 "../../../libDaisy/src/per/sai.h"
   1:../../../libDaisy/src/per/sai.h **** #pragma once
   2:../../../libDaisy/src/per/sai.h **** #ifndef DSY_SAI_H
   3:../../../libDaisy/src/per/sai.h **** #define DSY_SAI_H
   4:../../../libDaisy/src/per/sai.h **** 
   5:../../../libDaisy/src/per/sai.h **** #include "daisy_core.h"
   6:../../../libDaisy/src/per/sai.h **** 
   7:../../../libDaisy/src/per/sai.h **** namespace daisy
   8:../../../libDaisy/src/per/sai.h **** {
   9:../../../libDaisy/src/per/sai.h **** /** 
  10:../../../libDaisy/src/per/sai.h ****  * Support for I2S Audio Protocol with different bit-depth, samplerate options
  11:../../../libDaisy/src/per/sai.h ****  * Allows for master or slave, as well as freedom of selecting direction, 
  12:../../../libDaisy/src/per/sai.h ****  * and other behavior for each peripheral, and block.
  13:../../../libDaisy/src/per/sai.h ****  * 
  14:../../../libDaisy/src/per/sai.h ****  * DMA Transfer commands must use buffers located within non-cached memory or use cache maintenance
  15:../../../libDaisy/src/per/sai.h ****  * To declare an unitialized global element in the DMA memory section:
  16:../../../libDaisy/src/per/sai.h ****  *    int32_t DSY_DMA_BUFFER_SECTOR my_buffer[96];
  17:../../../libDaisy/src/per/sai.h ****  *
  18:../../../libDaisy/src/per/sai.h ****  * Callback functions will be called once per half of the buffer. In the above example, 
  19:../../../libDaisy/src/per/sai.h ****  * the callback function would be called once for every 48 samples.
  20:../../../libDaisy/src/per/sai.h ****  * 
  21:../../../libDaisy/src/per/sai.h ****  * Use SAI Handle like this:
  22:../../../libDaisy/src/per/sai.h ****  * 
  23:../../../libDaisy/src/per/sai.h ****  *  SaiHandle::Config sai_config;
  24:../../../libDaisy/src/per/sai.h ****  *  sai_config.periph          = SaiHandle::Config::Peripheral::SAI_1;
  25:../../../libDaisy/src/per/sai.h ****  *  sai_config.sr              = SaiHandle::Config::SampleRate::SAI_48KHZ;
  26:../../../libDaisy/src/per/sai.h ****  *  sai_config.bit_depth       = SaiHandle::Config::BitDepth::SAI_24BIT;
  27:../../../libDaisy/src/per/sai.h ****  *  sai_config.a_sync          = SaiHandle::Config::Sync::MASTER;
  28:../../../libDaisy/src/per/sai.h ****  *  sai_config.b_sync          = SaiHandle::Config::Sync::SLAVE;
  29:../../../libDaisy/src/per/sai.h ****  *  sai_config.a_dir           = SaiHandle::Config::Direction::RECEIVE;
  30:../../../libDaisy/src/per/sai.h ****  *  sai_config.b_dir           = SaiHandle::Config::Direction::TRANSMIT;
  31:../../../libDaisy/src/per/sai.h ****  *  sai_config.pin_config.fs   = {DSY_GPIOE, 4};
  32:../../../libDaisy/src/per/sai.h ****  *  sai_config.pin_config.mclk = {DSY_GPIOE, 2};
  33:../../../libDaisy/src/per/sai.h ****  *  sai_config.pin_config.sck  = {DSY_GPIOE, 5};
  34:../../../libDaisy/src/per/sai.h ****  *  sai_config.pin_config.sa   = {DSY_GPIOE, 6};
  35:../../../libDaisy/src/per/sai.h ****  *  sai_config.pin_config.sb   = {DSY_GPIOE, 3};
  36:../../../libDaisy/src/per/sai.h ****  *  // Then Initialize
  37:../../../libDaisy/src/per/sai.h ****  *  SaiHandle sai;
  38:../../../libDaisy/src/per/sai.h ****  *  sai.Init(sai_config);
ARM GAS  C:\Users\jaude\AppData\Local\Temp\ccjajBtu.s 			page 24


  39:../../../libDaisy/src/per/sai.h ****  *  // Now you can use it:
  40:../../../libDaisy/src/per/sai.h ****  *  sai.StartDma(. . .);
  41:../../../libDaisy/src/per/sai.h ****  */
  42:../../../libDaisy/src/per/sai.h **** class SaiHandle
  43:../../../libDaisy/src/per/sai.h **** {
  44:../../../libDaisy/src/per/sai.h ****   public:
  45:../../../libDaisy/src/per/sai.h ****     /** Contains settings for initialising an SAI Interface */
  46:../../../libDaisy/src/per/sai.h ****     struct Config
  47:../../../libDaisy/src/per/sai.h ****     {
  48:../../../libDaisy/src/per/sai.h ****         /** Specifies the internal peripheral to use (mapped to different hardware pins) */
  49:../../../libDaisy/src/per/sai.h ****         enum class Peripheral
  50:../../../libDaisy/src/per/sai.h ****         {
  51:../../../libDaisy/src/per/sai.h ****             SAI_1,
  52:../../../libDaisy/src/per/sai.h ****             SAI_2,
  53:../../../libDaisy/src/per/sai.h ****         };
  54:../../../libDaisy/src/per/sai.h **** 
  55:../../../libDaisy/src/per/sai.h ****         /** Rate at which samples will be streaming to/from the device. */
  56:../../../libDaisy/src/per/sai.h ****         enum class SampleRate
  57:../../../libDaisy/src/per/sai.h ****         {
  58:../../../libDaisy/src/per/sai.h ****             SAI_8KHZ,
  59:../../../libDaisy/src/per/sai.h ****             SAI_16KHZ,
  60:../../../libDaisy/src/per/sai.h ****             SAI_32KHZ,
  61:../../../libDaisy/src/per/sai.h ****             SAI_48KHZ,
  62:../../../libDaisy/src/per/sai.h ****             SAI_96KHZ,
  63:../../../libDaisy/src/per/sai.h ****         };
  64:../../../libDaisy/src/per/sai.h **** 
  65:../../../libDaisy/src/per/sai.h ****         /** Bit Depth that the hardware expects to be transferred to/from the device. */
  66:../../../libDaisy/src/per/sai.h ****         enum class BitDepth
  67:../../../libDaisy/src/per/sai.h ****         {
  68:../../../libDaisy/src/per/sai.h ****             SAI_16BIT,
  69:../../../libDaisy/src/per/sai.h ****             SAI_24BIT,
  70:../../../libDaisy/src/per/sai.h ****             SAI_32BIT,
  71:../../../libDaisy/src/per/sai.h ****         };
  72:../../../libDaisy/src/per/sai.h **** 
  73:../../../libDaisy/src/per/sai.h ****         /** Specifies whether a particular block is the master or the slave 
  74:../../../libDaisy/src/per/sai.h ****          ** If both are set to slave, no MCLK signal will be used, and it is
  75:../../../libDaisy/src/per/sai.h ****          ** expected that the codec will have its own xtal.
  76:../../../libDaisy/src/per/sai.h ****          */
  77:../../../libDaisy/src/per/sai.h ****         enum class Sync
  78:../../../libDaisy/src/per/sai.h ****         {
  79:../../../libDaisy/src/per/sai.h ****             MASTER,
  80:../../../libDaisy/src/per/sai.h ****             SLAVE,
  81:../../../libDaisy/src/per/sai.h ****         };
  82:../../../libDaisy/src/per/sai.h **** 
  83:../../../libDaisy/src/per/sai.h ****         /** Specifies the direction for each peripheral block. */
  84:../../../libDaisy/src/per/sai.h ****         enum class Direction
  85:../../../libDaisy/src/per/sai.h ****         {
  86:../../../libDaisy/src/per/sai.h ****             TRANSMIT,
  87:../../../libDaisy/src/per/sai.h ****             RECEIVE,
  88:../../../libDaisy/src/per/sai.h ****         };
  89:../../../libDaisy/src/per/sai.h **** 
  90:../../../libDaisy/src/per/sai.h ****         Peripheral periph;
  91:../../../libDaisy/src/per/sai.h ****         struct
  92:../../../libDaisy/src/per/sai.h ****         {
  93:../../../libDaisy/src/per/sai.h ****             dsy_gpio_pin mclk, fs, sck, sa, sb;
  94:../../../libDaisy/src/per/sai.h ****         } pin_config;
  95:../../../libDaisy/src/per/sai.h ****         SampleRate sr;
ARM GAS  C:\Users\jaude\AppData\Local\Temp\ccjajBtu.s 			page 25


  96:../../../libDaisy/src/per/sai.h ****         BitDepth   bit_depth;
  97:../../../libDaisy/src/per/sai.h ****         Sync       a_sync, b_sync;
  98:../../../libDaisy/src/per/sai.h ****         Direction  a_dir, b_dir;
  99:../../../libDaisy/src/per/sai.h ****     };
 100:../../../libDaisy/src/per/sai.h **** 
 101:../../../libDaisy/src/per/sai.h ****     /** Return values for SAI functions */
 102:../../../libDaisy/src/per/sai.h ****     enum class Result
 103:../../../libDaisy/src/per/sai.h ****     {
 104:../../../libDaisy/src/per/sai.h ****         OK,
 105:../../../libDaisy/src/per/sai.h ****         ERR,
 106:../../../libDaisy/src/per/sai.h ****     };
 107:../../../libDaisy/src/per/sai.h **** 
 108:../../../libDaisy/src/per/sai.h ****     SaiHandle() : pimpl_(nullptr) {}
 482              		.loc 10 108 5 is_stmt 1 view .LVU125
 483              	.LBB159:
 484              	.LBB160:
 485              		.loc 10 108 33 is_stmt 0 view .LVU126
 486 0010 C363     		str	r3, [r0, #60]
 487              	.LVL25:
 488              		.loc 10 108 33 view .LVU127
 489              	.LBE160:
 490              	.LBE159:
 491              	.LBE158:
 492              	.LBE162:
 493              	.LBE164:
   7:oscillator.cpp **** static Oscillator osc;
 494              		.loc 7 7 19 view .LVU128
 495 0012 FFF7FEFF 		bl	__aeabi_atexit
 496              	.LVL26:
 497              	.LBB165:
 498              	.LBI165:
  23:../../../DaisySP/Source/Synthesis/oscillator.h ****     ~Oscillator() {}
 499              		.loc 1 23 5 is_stmt 1 view .LVU129
  23:../../../DaisySP/Source/Synthesis/oscillator.h ****     ~Oscillator() {}
 500              		.loc 1 23 5 is_stmt 0 view .LVU130
 501              	.LBE165:
   8:oscillator.cpp **** 
 502              		.loc 7 8 19 view .LVU131
 503 0016 044A     		ldr	r2, .L24+4
 504 0018 0549     		ldr	r1, .L24+12
 505 001a 0648     		ldr	r0, .L24+16
 506              	.LBE166:
 507              	.LBE168:
 508              		.loc 7 48 1 view .LVU132
 509 001c BDE80840 		pop	{r3, lr}
 510              		.cfi_restore 14
 511              		.cfi_restore 3
 512              		.cfi_def_cfa_offset 0
 513              	.LBB169:
 514              	.LBB167:
   8:oscillator.cpp **** 
 515              		.loc 7 8 19 view .LVU133
 516 0020 FFF7FEBF 		b	__aeabi_atexit
 517              	.LVL27:
 518              	.L25:
 519              		.align	2
 520              	.L24:
ARM GAS  C:\Users\jaude\AppData\Local\Temp\ccjajBtu.s 			page 26


 521 0024 00000000 		.word	.LANCHOR1
 522 0028 00000000 		.word	__dso_handle
 523 002c 00000000 		.word	_ZN5daisy9DaisySeedD1Ev
 524 0030 00000000 		.word	_ZN7daisysp10OscillatorD1Ev
 525 0034 00000000 		.word	.LANCHOR0
 526              	.LBE167:
 527              	.LBE169:
 528              		.cfi_endproc
 529              	.LFE5245:
 531              		.section	.init_array,"aw",%init_array
 532              		.align	2
 533 0000 00000000 		.word	_GLOBAL__sub_I_main(target1)
 534              		.section	.bss._ZL2hw,"aw",%nobits
 535              		.align	2
 536              		.set	.LANCHOR1,. + 0
 539              	_ZL2hw:
 540 0000 00000000 		.space	64
 540      00000000 
 540      00000000 
 540      00000000 
 540      00000000 
 541              		.section	.bss._ZL3osc,"aw",%nobits
 542              		.align	2
 543              		.set	.LANCHOR0,. + 0
 546              	_ZL3osc:
 547 0000 00000000 		.space	44
 547      00000000 
 547      00000000 
 547      00000000 
 547      00000000 
 548              		.text
 549              	.Letext0:
 550              		.file 11 "c:\\program files\\daisytoolchain\\arm-none-eabi\\include\\machine\\_default_types.h"
 551              		.file 12 "c:\\program files\\daisytoolchain\\arm-none-eabi\\include\\sys\\_stdint.h"
 552              		.file 13 "c:\\program files\\daisytoolchain\\arm-none-eabi\\include\\stdint.h"
 553              		.file 14 "c:\\program files\\daisytoolchain\\lib\\gcc\\arm-none-eabi\\10.2.1\\include\\stddef.h"
 554              		.file 15 "c:\\program files\\daisytoolchain\\arm-none-eabi\\include\\c++\\10.2.1\\cmath"
 555              		.file 16 "c:\\program files\\daisytoolchain\\arm-none-eabi\\include\\c++\\10.2.1\\bits\\std_abs.h"
 556              		.file 17 "c:\\program files\\daisytoolchain\\arm-none-eabi\\include\\c++\\10.2.1\\cstdint"
 557              		.file 18 "c:\\program files\\daisytoolchain\\arm-none-eabi\\include\\c++\\10.2.1\\cstdlib"
 558              		.file 19 "c:\\program files\\daisytoolchain\\arm-none-eabi\\include\\c++\\10.2.1\\type_traits"
 559              		.file 20 "c:\\program files\\daisytoolchain\\arm-none-eabi\\include\\c++\\10.2.1\\debug\\debug.h"
 560              		.file 21 "c:\\program files\\daisytoolchain\\arm-none-eabi\\include\\c++\\10.2.1\\cwchar"
 561              		.file 22 "c:\\program files\\daisytoolchain\\arm-none-eabi\\include\\c++\\10.2.1\\bits\\stl_pair.h
 562              		.file 23 "c:\\program files\\daisytoolchain\\arm-none-eabi\\include\\c++\\10.2.1\\bits\\exception_
 563              		.file 24 "c:\\program files\\daisytoolchain\\arm-none-eabi\\include\\c++\\10.2.1\\arm-none-eabi\\t
 564              		.file 25 "c:\\program files\\daisytoolchain\\arm-none-eabi\\include\\c++\\10.2.1\\clocale"
 565              		.file 26 "c:\\program files\\daisytoolchain\\arm-none-eabi\\include\\c++\\10.2.1\\cstdio"
 566              		.file 27 "c:\\program files\\daisytoolchain\\arm-none-eabi\\include\\c++\\10.2.1\\bits\\basic_stri
 567              		.file 28 "c:\\program files\\daisytoolchain\\arm-none-eabi\\include\\c++\\10.2.1\\bits\\charconv.h
 568              		.file 29 "c:\\program files\\daisytoolchain\\arm-none-eabi\\include\\c++\\10.2.1\\bits\\algorithmf
 569              		.file 30 "c:\\program files\\daisytoolchain\\arm-none-eabi\\include\\c++\\10.2.1\\cstring"
 570              		.file 31 "c:\\program files\\daisytoolchain\\arm-none-eabi\\include\\c++\\10.2.1\\cstdarg"
 571              		.file 32 "c:\\program files\\daisytoolchain\\arm-none-eabi\\include\\c++\\10.2.1\\bits\\predefined
 572              		.file 33 "c:\\program files\\daisytoolchain\\arm-none-eabi\\include\\sys\\_types.h"
 573              		.file 34 "c:\\program files\\daisytoolchain\\arm-none-eabi\\include\\sys\\reent.h"
 574              		.file 35 "c:\\program files\\daisytoolchain\\arm-none-eabi\\include\\sys\\lock.h"
ARM GAS  C:\Users\jaude\AppData\Local\Temp\ccjajBtu.s 			page 27


 575              		.file 36 "c:\\program files\\daisytoolchain\\arm-none-eabi\\include\\math.h"
 576              		.file 37 "c:\\program files\\daisytoolchain\\arm-none-eabi\\include\\stdlib.h"
 577              		.file 38 "c:\\program files\\daisytoolchain\\arm-none-eabi\\include\\c++\\10.2.1\\math.h"
 578              		.file 39 "../../../DaisySP/Source/Control/adenv.h"
 579              		.file 40 "../../../DaisySP/Source/Utility/dsp.h"
 580              		.file 41 "c:\\program files\\daisytoolchain\\lib\\gcc\\arm-none-eabi\\10.2.1\\include\\stdarg.h"
 581              		.file 42 "c:\\program files\\daisytoolchain\\arm-none-eabi\\include\\wchar.h"
 582              		.file 43 "c:\\program files\\daisytoolchain\\arm-none-eabi\\include\\locale.h"
 583              		.file 44 "c:\\program files\\daisytoolchain\\arm-none-eabi\\include\\stdio.h"
 584              		.file 45 "c:\\program files\\daisytoolchain\\arm-none-eabi\\include\\c++\\10.2.1\\stdlib.h"
 585              		.file 46 "c:\\program files\\daisytoolchain\\arm-none-eabi\\include\\string.h"
 586              		.file 47 "../../../libDaisy/src/daisy_core.h"
 587              		.file 48 "../../../libDaisy/src/per/tim.h"
 588              		.file 49 "../../../libDaisy/src/util/wav_format.h"
 589              		.file 50 "../../../libDaisy/src/dev/max11300.h"
 590              		.file 51 "../../../libDaisy/src/per/gpio.h"
 591              		.file 52 "../../../libDaisy/src/dev/sdram.h"
 592              		.file 53 "<built-in>"
 593              		.file 54 "../../../libDaisy/src/dev/sr_595.h"
ARM GAS  C:\Users\jaude\AppData\Local\Temp\ccjajBtu.s 			page 28


DEFINED SYMBOLS
                            *ABS*:00000000 oscillator.cpp
C:\Users\jaude\AppData\Local\Temp\ccjajBtu.s:17     .text._ZN7daisysp10OscillatorD2Ev:00000000 $t
C:\Users\jaude\AppData\Local\Temp\ccjajBtu.s:26     .text._ZN7daisysp10OscillatorD2Ev:00000000 _ZN7daisysp10OscillatorD2Ev
C:\Users\jaude\AppData\Local\Temp\ccjajBtu.s:26     .text._ZN7daisysp10OscillatorD2Ev:00000000 _ZN7daisysp10OscillatorD1Ev
C:\Users\jaude\AppData\Local\Temp\ccjajBtu.s:43     .text._ZN5daisy9DaisySeedD2Ev:00000000 $t
C:\Users\jaude\AppData\Local\Temp\ccjajBtu.s:51     .text._ZN5daisy9DaisySeedD2Ev:00000000 _ZN5daisy9DaisySeedD2Ev
C:\Users\jaude\AppData\Local\Temp\ccjajBtu.s:51     .text._ZN5daisy9DaisySeedD2Ev:00000000 _ZN5daisy9DaisySeedD1Ev
C:\Users\jaude\AppData\Local\Temp\ccjajBtu.s:92     .text._ZL13AudioCallbackPKfPfj:00000000 $t
C:\Users\jaude\AppData\Local\Temp\ccjajBtu.s:99     .text._ZL13AudioCallbackPKfPfj:00000000 _ZL13AudioCallbackPKfPfj
C:\Users\jaude\AppData\Local\Temp\ccjajBtu.s:168    .text._ZL13AudioCallbackPKfPfj:00000028 $d
C:\Users\jaude\AppData\Local\Temp\ccjajBtu.s:173    .text.startup.main:00000000 $t
C:\Users\jaude\AppData\Local\Temp\ccjajBtu.s:181    .text.startup.main:00000000 main
C:\Users\jaude\AppData\Local\Temp\ccjajBtu.s:364    .text.startup.main:00000084 $d
C:\Users\jaude\AppData\Local\Temp\ccjajBtu.s:373    .text.startup._GLOBAL__sub_I_main:00000000 $t
C:\Users\jaude\AppData\Local\Temp\ccjajBtu.s:380    .text.startup._GLOBAL__sub_I_main:00000000 _GLOBAL__sub_I_main
C:\Users\jaude\AppData\Local\Temp\ccjajBtu.s:521    .text.startup._GLOBAL__sub_I_main:00000024 $d
C:\Users\jaude\AppData\Local\Temp\ccjajBtu.s:532    .init_array:00000000 $d
C:\Users\jaude\AppData\Local\Temp\ccjajBtu.s:535    .bss._ZL2hw:00000000 $d
C:\Users\jaude\AppData\Local\Temp\ccjajBtu.s:539    .bss._ZL2hw:00000000 _ZL2hw
C:\Users\jaude\AppData\Local\Temp\ccjajBtu.s:542    .bss._ZL3osc:00000000 $d
C:\Users\jaude\AppData\Local\Temp\ccjajBtu.s:546    .bss._ZL3osc:00000000 _ZL3osc
                           .group:00000000 _ZN7daisysp10OscillatorD5Ev
                           .group:00000000 _ZN5daisy9DaisySeedD5Ev

UNDEFINED SYMBOLS
_ZN7daisysp10Oscillator7ProcessEv
_ZN5daisy9DaisySeed9ConfigureEv
_ZN5daisy9DaisySeed4InitEb
_ZN5daisy9DaisySeed17SetAudioBlockSizeEj
_ZN5daisy9DaisySeed15AudioSampleRateEv
_ZN7daisysp10Oscillator12CalcPhaseIncEf
_ZN5daisy9DaisySeed10StartAudioEPFvPKfPfjE
__aeabi_atexit
__dso_handle
